2025-08-18T15:12:03.170+09:00  INFO 3636 --- [spring_5webmvc] [restartedMain] o.i.s.Spring5webmvcApplication           : Starting Spring5webmvcApplication using Java 17.0.5 with PID 3636 (C:\class250615\spring_workspace\spring_5webmvc\target\classes started by C104 in C:\class250615\spring_workspace\spring_5webmvc)
2025-08-18T15:12:03.180+09:00  INFO 3636 --- [spring_5webmvc] [restartedMain] o.i.s.Spring5webmvcApplication           : No active profile set, falling back to 1 default profile: "default"
2025-08-18T15:12:03.271+09:00  INFO 3636 --- [spring_5webmvc] [restartedMain] o.s.b.devtools.restart.ChangeableUrls    : The Class-Path manifest attribute in C:\Users\C104\.m2\repository\com\oracle\database\jdbc\ojdbc11\23.7.0.25.01\ojdbc11-23.7.0.25.01.jar referenced one or more files that do not exist: file:/C:/Users/C104/.m2/repository/com/oracle/database/jdbc/ojdbc11/23.7.0.25.01/oraclepki.jar
2025-08-18T15:12:03.276+09:00  INFO 3636 --- [spring_5webmvc] [restartedMain] .e.DevToolsPropertyDefaultsPostProcessor : Devtools property defaults active! Set 'spring.devtools.add-properties' to 'false' to disable
2025-08-18T15:12:03.288+09:00  INFO 3636 --- [spring_5webmvc] [restartedMain] .e.DevToolsPropertyDefaultsPostProcessor : For additional web related logging consider setting the 'logging.level.web' property to 'DEBUG'
2025-08-18T15:12:04.316+09:00  WARN 3636 --- [spring_5webmvc] [restartedMain] o.m.s.mapper.ClassPathMapperScanner      : No MyBatis mapper was found in '[org.iclass.spring_5webmvc]' package. Please check your configuration.
2025-08-18T15:12:04.801+09:00  INFO 3636 --- [spring_5webmvc] [restartedMain] o.s.b.w.embedded.tomcat.TomcatWebServer  : Tomcat initialized with port 8081 (http)
2025-08-18T15:12:04.826+09:00  INFO 3636 --- [spring_5webmvc] [restartedMain] o.apache.catalina.core.StandardService   : Starting service [Tomcat]
2025-08-18T15:12:04.832+09:00  INFO 3636 --- [spring_5webmvc] [restartedMain] o.apache.catalina.core.StandardEngine    : Starting Servlet engine: [Apache Tomcat/10.1.43]
2025-08-18T15:12:04.924+09:00  INFO 3636 --- [spring_5webmvc] [restartedMain] o.a.c.c.C.[Tomcat].[localhost].[/]       : Initializing Spring embedded WebApplicationContext
2025-08-18T15:12:04.930+09:00  INFO 3636 --- [spring_5webmvc] [restartedMain] w.s.c.ServletWebServerApplicationContext : Root WebApplicationContext: initialization completed in 1639 ms
2025-08-18T15:12:05.179+09:00  INFO 3636 --- [spring_5webmvc] [restartedMain] o.s.b.a.w.s.WelcomePageHandlerMapping    : Adding welcome page template: index
2025-08-18T15:12:05.838+09:00  INFO 3636 --- [spring_5webmvc] [restartedMain] o.s.b.d.a.OptionalLiveReloadServer       : LiveReload server is running on port 35729
2025-08-18T15:12:05.897+09:00  INFO 3636 --- [spring_5webmvc] [restartedMain] o.s.b.w.embedded.tomcat.TomcatWebServer  : Tomcat started on port 8081 (http) with context path '/'
2025-08-18T15:12:05.914+09:00  INFO 3636 --- [spring_5webmvc] [restartedMain] o.i.s.Spring5webmvcApplication           : Started Spring5webmvcApplication in 3.305 seconds (process running for 3.955)
2025-08-18T15:12:09.633+09:00  INFO 3636 --- [spring_5webmvc] [http-nio-8081-exec-1] o.a.c.c.C.[Tomcat].[localhost].[/]       : Initializing Spring DispatcherServlet 'dispatcherServlet'
2025-08-18T15:12:09.634+09:00  INFO 3636 --- [spring_5webmvc] [http-nio-8081-exec-1] o.s.web.servlet.DispatcherServlet        : Initializing Servlet 'dispatcherServlet'
2025-08-18T15:12:09.635+09:00  INFO 3636 --- [spring_5webmvc] [http-nio-8081-exec-1] o.s.web.servlet.DispatcherServlet        : Completed initialization in 1 ms
2025-08-18T15:50:58.302+09:00  INFO 11996 --- [spring_5webmvc] [restartedMain] o.i.s.Spring5webmvcApplication           : Starting Spring5webmvcApplication using Java 17.0.5 with PID 11996 (C:\class250615\spring_workspace\spring_5webmvc\target\classes started by C104 in C:\class250615\spring_workspace\spring_5webmvc)
2025-08-18T15:50:58.325+09:00  INFO 11996 --- [spring_5webmvc] [restartedMain] o.i.s.Spring5webmvcApplication           : No active profile set, falling back to 1 default profile: "default"
2025-08-18T15:50:58.450+09:00  INFO 11996 --- [spring_5webmvc] [restartedMain] o.s.b.devtools.restart.ChangeableUrls    : The Class-Path manifest attribute in C:\Users\C104\.m2\repository\com\oracle\database\jdbc\ojdbc11\23.7.0.25.01\ojdbc11-23.7.0.25.01.jar referenced one or more files that do not exist: file:/C:/Users/C104/.m2/repository/com/oracle/database/jdbc/ojdbc11/23.7.0.25.01/oraclepki.jar
2025-08-18T15:50:58.452+09:00  INFO 11996 --- [spring_5webmvc] [restartedMain] .e.DevToolsPropertyDefaultsPostProcessor : Devtools property defaults active! Set 'spring.devtools.add-properties' to 'false' to disable
2025-08-18T15:50:58.453+09:00  INFO 11996 --- [spring_5webmvc] [restartedMain] .e.DevToolsPropertyDefaultsPostProcessor : For additional web related logging consider setting the 'logging.level.web' property to 'DEBUG'
2025-08-18T15:50:59.795+09:00  WARN 11996 --- [spring_5webmvc] [restartedMain] o.m.s.mapper.ClassPathMapperScanner      : No MyBatis mapper was found in '[org.iclass.spring_5webmvc]' package. Please check your configuration.
2025-08-18T15:51:00.299+09:00  INFO 11996 --- [spring_5webmvc] [restartedMain] o.s.b.w.embedded.tomcat.TomcatWebServer  : Tomcat initialized with port 8081 (http)
2025-08-18T15:51:00.318+09:00  INFO 11996 --- [spring_5webmvc] [restartedMain] o.apache.catalina.core.StandardService   : Starting service [Tomcat]
2025-08-18T15:51:00.319+09:00  INFO 11996 --- [spring_5webmvc] [restartedMain] o.apache.catalina.core.StandardEngine    : Starting Servlet engine: [Apache Tomcat/10.1.43]
2025-08-18T15:51:00.397+09:00  INFO 11996 --- [spring_5webmvc] [restartedMain] o.a.c.c.C.[Tomcat].[localhost].[/]       : Initializing Spring embedded WebApplicationContext
2025-08-18T15:51:00.398+09:00  INFO 11996 --- [spring_5webmvc] [restartedMain] w.s.c.ServletWebServerApplicationContext : Root WebApplicationContext: initialization completed in 1942 ms
2025-08-18T15:51:00.556+09:00  INFO 11996 --- [spring_5webmvc] [restartedMain] o.s.b.a.w.s.WelcomePageHandlerMapping    : Adding welcome page template: index
2025-08-18T15:51:01.137+09:00  INFO 11996 --- [spring_5webmvc] [restartedMain] o.s.b.d.a.OptionalLiveReloadServer       : LiveReload server is running on port 35729
2025-08-18T15:51:01.196+09:00  INFO 11996 --- [spring_5webmvc] [restartedMain] o.s.b.w.embedded.tomcat.TomcatWebServer  : Tomcat started on port 8081 (http) with context path '/'
2025-08-18T15:51:01.210+09:00  INFO 11996 --- [spring_5webmvc] [restartedMain] o.i.s.Spring5webmvcApplication           : Started Spring5webmvcApplication in 3.593 seconds (process running for 4.288)
2025-08-18T15:51:29.805+09:00  INFO 11996 --- [spring_5webmvc] [http-nio-8081-exec-1] o.a.c.c.C.[Tomcat].[localhost].[/]       : Initializing Spring DispatcherServlet 'dispatcherServlet'
2025-08-18T15:51:29.809+09:00  INFO 11996 --- [spring_5webmvc] [http-nio-8081-exec-1] o.s.web.servlet.DispatcherServlet        : Initializing Servlet 'dispatcherServlet'
2025-08-18T15:51:29.811+09:00  INFO 11996 --- [spring_5webmvc] [http-nio-8081-exec-1] o.s.web.servlet.DispatcherServlet        : Completed initialization in 1 ms
2025-08-18T15:52:03.978+09:00  INFO 11996 --- [spring_5webmvc] [File Watcher] rtingClassPathChangeChangedEventListener : Restarting due to 1 class path change (0 additions, 0 deletions, 1 modification)
2025-08-18T15:52:03.986+09:00  INFO 11996 --- [spring_5webmvc] [Thread-5] o.s.b.w.e.tomcat.GracefulShutdown        : Commencing graceful shutdown. Waiting for active requests to complete
2025-08-18T15:52:04.056+09:00  INFO 11996 --- [spring_5webmvc] [tomcat-shutdown] o.s.b.w.e.tomcat.GracefulShutdown        : Graceful shutdown complete
2025-08-18T15:52:04.160+09:00  INFO 11996 --- [spring_5webmvc] [restartedMain] o.i.s.Spring5webmvcApplication           : Starting Spring5webmvcApplication using Java 17.0.5 with PID 11996 (C:\class250615\spring_workspace\spring_5webmvc\target\classes started by C104 in C:\class250615\spring_workspace\spring_5webmvc)
2025-08-18T15:52:04.163+09:00  INFO 11996 --- [spring_5webmvc] [restartedMain] o.i.s.Spring5webmvcApplication           : No active profile set, falling back to 1 default profile: "default"
2025-08-18T15:52:04.483+09:00  WARN 11996 --- [spring_5webmvc] [restartedMain] o.m.s.mapper.ClassPathMapperScanner      : No MyBatis mapper was found in '[org.iclass.spring_5webmvc]' package. Please check your configuration.
2025-08-18T15:52:04.700+09:00  INFO 11996 --- [spring_5webmvc] [restartedMain] o.s.b.w.embedded.tomcat.TomcatWebServer  : Tomcat initialized with port 8081 (http)
2025-08-18T15:52:04.736+09:00  INFO 11996 --- [spring_5webmvc] [restartedMain] o.apache.catalina.core.StandardService   : Starting service [Tomcat]
2025-08-18T15:52:04.740+09:00  INFO 11996 --- [spring_5webmvc] [restartedMain] o.apache.catalina.core.StandardEngine    : Starting Servlet engine: [Apache Tomcat/10.1.43]
2025-08-18T15:52:04.808+09:00  INFO 11996 --- [spring_5webmvc] [restartedMain] o.a.c.c.C.[Tomcat].[localhost].[/]       : Initializing Spring embedded WebApplicationContext
2025-08-18T15:52:04.808+09:00  INFO 11996 --- [spring_5webmvc] [restartedMain] w.s.c.ServletWebServerApplicationContext : Root WebApplicationContext: initialization completed in 636 ms
2025-08-18T15:52:04.857+09:00  INFO 11996 --- [spring_5webmvc] [restartedMain] o.s.b.a.w.s.WelcomePageHandlerMapping    : Adding welcome page template: index
2025-08-18T15:52:04.989+09:00  INFO 11996 --- [spring_5webmvc] [restartedMain] o.s.b.d.a.OptionalLiveReloadServer       : LiveReload server is running on port 35729
2025-08-18T15:52:05.009+09:00  INFO 11996 --- [spring_5webmvc] [restartedMain] o.s.b.w.embedded.tomcat.TomcatWebServer  : Tomcat started on port 8081 (http) with context path '/'
2025-08-18T15:52:05.013+09:00  INFO 11996 --- [spring_5webmvc] [restartedMain] o.i.s.Spring5webmvcApplication           : Started Spring5webmvcApplication in 0.901 seconds (process running for 68.092)
2025-08-18T15:52:05.018+09:00  INFO 11996 --- [spring_5webmvc] [restartedMain] .ConditionEvaluationDeltaLoggingListener : Condition evaluation unchanged
2025-08-18T15:52:13.638+09:00  INFO 11996 --- [spring_5webmvc] [File Watcher] rtingClassPathChangeChangedEventListener : Restarting due to 1 class path change (0 additions, 0 deletions, 1 modification)
2025-08-18T15:52:13.640+09:00  INFO 11996 --- [spring_5webmvc] [Thread-7] o.s.b.w.e.tomcat.GracefulShutdown        : Commencing graceful shutdown. Waiting for active requests to complete
2025-08-18T15:52:13.687+09:00  INFO 11996 --- [spring_5webmvc] [tomcat-shutdown] o.s.b.w.e.tomcat.GracefulShutdown        : Graceful shutdown complete
2025-08-18T15:52:13.769+09:00  INFO 11996 --- [spring_5webmvc] [restartedMain] o.i.s.Spring5webmvcApplication           : Starting Spring5webmvcApplication using Java 17.0.5 with PID 11996 (C:\class250615\spring_workspace\spring_5webmvc\target\classes started by C104 in C:\class250615\spring_workspace\spring_5webmvc)
2025-08-18T15:52:13.770+09:00  INFO 11996 --- [spring_5webmvc] [restartedMain] o.i.s.Spring5webmvcApplication           : No active profile set, falling back to 1 default profile: "default"
2025-08-18T15:52:14.067+09:00  WARN 11996 --- [spring_5webmvc] [restartedMain] o.m.s.mapper.ClassPathMapperScanner      : No MyBatis mapper was found in '[org.iclass.spring_5webmvc]' package. Please check your configuration.
2025-08-18T15:52:14.140+09:00  INFO 11996 --- [spring_5webmvc] [restartedMain] o.s.b.w.embedded.tomcat.TomcatWebServer  : Tomcat initialized with port 8081 (http)
2025-08-18T15:52:14.143+09:00  INFO 11996 --- [spring_5webmvc] [restartedMain] o.apache.catalina.core.StandardService   : Starting service [Tomcat]
2025-08-18T15:52:14.144+09:00  INFO 11996 --- [spring_5webmvc] [restartedMain] o.apache.catalina.core.StandardEngine    : Starting Servlet engine: [Apache Tomcat/10.1.43]
2025-08-18T15:52:14.171+09:00  INFO 11996 --- [spring_5webmvc] [restartedMain] o.a.c.c.C.[Tomcat].[localhost].[/]       : Initializing Spring embedded WebApplicationContext
2025-08-18T15:52:14.175+09:00  INFO 11996 --- [spring_5webmvc] [restartedMain] w.s.c.ServletWebServerApplicationContext : Root WebApplicationContext: initialization completed in 403 ms
2025-08-18T15:52:14.223+09:00  INFO 11996 --- [spring_5webmvc] [restartedMain] o.s.b.a.w.s.WelcomePageHandlerMapping    : Adding welcome page template: index
2025-08-18T15:52:14.596+09:00  INFO 11996 --- [spring_5webmvc] [restartedMain] o.s.b.d.a.OptionalLiveReloadServer       : LiveReload server is running on port 35729
2025-08-18T15:52:14.606+09:00  INFO 11996 --- [spring_5webmvc] [restartedMain] o.s.b.w.embedded.tomcat.TomcatWebServer  : Tomcat started on port 8081 (http) with context path '/'
2025-08-18T15:52:14.613+09:00  INFO 11996 --- [spring_5webmvc] [restartedMain] o.i.s.Spring5webmvcApplication           : Started Spring5webmvcApplication in 0.882 seconds (process running for 77.692)
2025-08-18T15:52:14.616+09:00  INFO 11996 --- [spring_5webmvc] [restartedMain] .ConditionEvaluationDeltaLoggingListener : Condition evaluation unchanged
2025-08-18T15:52:54.412+09:00  INFO 11996 --- [spring_5webmvc] [http-nio-8081-exec-1] o.a.c.c.C.[Tomcat].[localhost].[/]       : Initializing Spring DispatcherServlet 'dispatcherServlet'
2025-08-18T15:52:54.412+09:00  INFO 11996 --- [spring_5webmvc] [http-nio-8081-exec-1] o.s.web.servlet.DispatcherServlet        : Initializing Servlet 'dispatcherServlet'
2025-08-18T15:52:54.414+09:00  INFO 11996 --- [spring_5webmvc] [http-nio-8081-exec-1] o.s.web.servlet.DispatcherServlet        : Completed initialization in 0 ms
2025-08-18T15:53:04.593+09:00  INFO 11996 --- [spring_5webmvc] [http-nio-8081-exec-2] o.i.s.c.TestController_2Parameter        : null
2025-08-18T15:53:04.595+09:00  INFO 11996 --- [spring_5webmvc] [http-nio-8081-exec-2] o.i.s.c.TestController_2Parameter        : {age}
2025-08-18T15:53:12.430+09:00  INFO 11996 --- [spring_5webmvc] [http-nio-8081-exec-3] o.i.s.c.TestController_2Parameter        : tom
2025-08-18T15:53:12.430+09:00  INFO 11996 --- [spring_5webmvc] [http-nio-8081-exec-3] o.i.s.c.TestController_2Parameter        : {age}
2025-08-18T15:53:16.677+09:00  INFO 11996 --- [spring_5webmvc] [http-nio-8081-exec-4] o.i.s.c.TestController_2Parameter        : tom
2025-08-18T15:53:16.678+09:00  INFO 11996 --- [spring_5webmvc] [http-nio-8081-exec-4] o.i.s.c.TestController_2Parameter        : {age}
