2025-08-18T10:43:33.586+09:00  INFO 11944 --- [spring_4restapi] [restartedMain] o.i.s.Spring_4restapiApplication         : Starting Spring_4restapiApplication using Java 17.0.5 with PID 11944 (C:\class250615\spring_workspace\spring_4restapi\target\classes started by C104 in C:\class250615\spring_workspace\spring_4restapi)
2025-08-18T10:43:33.602+09:00  INFO 11944 --- [spring_4restapi] [restartedMain] o.i.s.Spring_4restapiApplication         : No active profile set, falling back to 1 default profile: "default"
2025-08-18T10:43:33.676+09:00  INFO 11944 --- [spring_4restapi] [restartedMain] o.s.b.devtools.restart.ChangeableUrls    : The Class-Path manifest attribute in C:\Users\C104\.m2\repository\com\oracle\database\jdbc\ojdbc11\23.7.0.25.01\ojdbc11-23.7.0.25.01.jar referenced one or more files that do not exist: file:/C:/Users/C104/.m2/repository/com/oracle/database/jdbc/ojdbc11/23.7.0.25.01/oraclepki.jar
2025-08-18T10:43:33.678+09:00  INFO 11944 --- [spring_4restapi] [restartedMain] .e.DevToolsPropertyDefaultsPostProcessor : Devtools property defaults active! Set 'spring.devtools.add-properties' to 'false' to disable
2025-08-18T10:43:33.678+09:00  INFO 11944 --- [spring_4restapi] [restartedMain] .e.DevToolsPropertyDefaultsPostProcessor : For additional web related logging consider setting the 'logging.level.web' property to 'DEBUG'
2025-08-18T10:43:35.137+09:00  INFO 11944 --- [spring_4restapi] [restartedMain] o.s.b.w.embedded.tomcat.TomcatWebServer  : Tomcat initialized with port 8081 (http)
2025-08-18T10:43:35.158+09:00  INFO 11944 --- [spring_4restapi] [restartedMain] o.apache.catalina.core.StandardService   : Starting service [Tomcat]
2025-08-18T10:43:35.160+09:00  INFO 11944 --- [spring_4restapi] [restartedMain] o.apache.catalina.core.StandardEngine    : Starting Servlet engine: [Apache Tomcat/10.1.43]
2025-08-18T10:43:35.211+09:00  INFO 11944 --- [spring_4restapi] [restartedMain] o.a.c.c.C.[Tomcat].[localhost].[/]       : Initializing Spring embedded WebApplicationContext
2025-08-18T10:43:35.212+09:00  INFO 11944 --- [spring_4restapi] [restartedMain] w.s.c.ServletWebServerApplicationContext : Root WebApplicationContext: initialization completed in 1533 ms
2025-08-18T10:43:36.334+09:00  INFO 11944 --- [spring_4restapi] [restartedMain] o.s.b.d.a.OptionalLiveReloadServer       : LiveReload server is running on port 35729
2025-08-18T10:43:36.387+09:00  INFO 11944 --- [spring_4restapi] [restartedMain] o.s.b.w.embedded.tomcat.TomcatWebServer  : Tomcat started on port 8081 (http) with context path '/'
2025-08-18T10:43:36.404+09:00  INFO 11944 --- [spring_4restapi] [restartedMain] o.i.s.Spring_4restapiApplication         : Started Spring_4restapiApplication in 3.371 seconds (process running for 4.019)
2025-08-18T10:43:36.555+09:00  INFO 11944 --- [spring_4restapi] [http-nio-8081-exec-1] o.a.c.c.C.[Tomcat].[localhost].[/]       : Initializing Spring DispatcherServlet 'dispatcherServlet'
2025-08-18T10:43:36.556+09:00  INFO 11944 --- [spring_4restapi] [http-nio-8081-exec-1] o.s.web.servlet.DispatcherServlet        : Initializing Servlet 'dispatcherServlet'
2025-08-18T10:43:36.557+09:00  INFO 11944 --- [spring_4restapi] [http-nio-8081-exec-1] o.s.web.servlet.DispatcherServlet        : Completed initialization in 1 ms
2025-08-18T10:43:36.583+09:00  WARN 11944 --- [spring_4restapi] [http-nio-8081-exec-1] .w.s.m.s.DefaultHandlerExceptionResolver : Resolved [org.springframework.web.HttpRequestMethodNotSupportedException: Request method 'POST' is not supported]
2025-08-18T10:43:45.440+09:00  INFO 11944 --- [spring_4restapi] [http-nio-8081-exec-2] com.zaxxer.hikari.HikariDataSource       : HikariPool-1 - Starting...
2025-08-18T10:43:45.450+09:00  WARN 11944 --- [spring_4restapi] [http-nio-8081-exec-2] c.zaxxer.hikari.util.DriverDataSource    : Registered driver with driverClassName=oracle.jdbc.driver.OracleDriver was not found, trying direct instantiation.
2025-08-18T10:43:45.972+09:00  INFO 11944 --- [spring_4restapi] [http-nio-8081-exec-2] com.zaxxer.hikari.pool.HikariPool        : HikariPool-1 - Added connection oracle.jdbc.driver.T4CConnection@839cafe
2025-08-18T10:43:45.974+09:00  INFO 11944 --- [spring_4restapi] [http-nio-8081-exec-2] com.zaxxer.hikari.HikariDataSource       : HikariPool-1 - Start completed.
2025-08-18T10:43:46.127+09:00  INFO 11944 --- [spring_4restapi] [http-nio-8081-exec-2] o.i.s.controller.CustomerRestController  : Update Exception : 
### Error updating database.  Cause: org.apache.ibatis.type.TypeException: Could not set parameters for mapping: ParameterMapping{property='customerId', mode=IN, javaType=class java.lang.String, jdbcType=null, numericScale=null, resultMapId='null', jdbcTypeName='null', expression='null'}. Cause: org.apache.ibatis.type.TypeException: Error setting null for parameter #3 with JdbcType OTHER . Try setting a different JdbcType for this parameter or a different jdbcTypeForNull configuration property. Cause: java.sql.SQLException: ORA-17004: 열 유형이 부적합합니다.: 1111
https://docs.oracle.com/error-help/db/ora-17004/
### The error may exist in file [C:\class250615\spring_workspace\spring_4restapi\target\classes\mapper\customer.xml]
### The error may involve org.iclass.spring_4restapi.mapper.CustomerMapper.update-Inline
### The error occurred while setting parameters
### SQL: update tbl_customer    set email = ?, age = ?    where customer_id = ?
### Cause: org.apache.ibatis.type.TypeException: Could not set parameters for mapping: ParameterMapping{property='customerId', mode=IN, javaType=class java.lang.String, jdbcType=null, numericScale=null, resultMapId='null', jdbcTypeName='null', expression='null'}. Cause: org.apache.ibatis.type.TypeException: Error setting null for parameter #3 with JdbcType OTHER . Try setting a different JdbcType for this parameter or a different jdbcTypeForNull configuration property. Cause: java.sql.SQLException: ORA-17004: 열 유형이 부적합합니다.: 1111
https://docs.oracle.com/error-help/db/ora-17004/
2025-08-18T10:44:31.420+09:00  INFO 11944 --- [spring_4restapi] [http-nio-8081-exec-3] o.i.s.controller.CustomerRestController  : Update Exception : {customerid} 가 없음
2025-08-18T10:44:36.173+09:00  WARN 11944 --- [spring_4restapi] [http-nio-8081-exec-4] .w.s.m.s.DefaultHandlerExceptionResolver : Resolved [org.springframework.web.HttpRequestMethodNotSupportedException: Request method 'PUT' is not supported]
