2025-08-14T09:48:51.819+09:00  INFO 6992 --- [spring_2di] [restartedMain] o.i.spring_2di.Spring2diApplication      : Starting Spring2diApplication using Java 17.0.5 with PID 6992 (C:\class250615\spring_workspace\spring_2di\target\classes started by C104 in C:\class250615\spring_workspace)
2025-08-14T09:48:51.827+09:00  INFO 6992 --- [spring_2di] [restartedMain] o.i.spring_2di.Spring2diApplication      : No active profile set, falling back to 1 default profile: "default"
2025-08-14T09:48:51.908+09:00  INFO 6992 --- [spring_2di] [restartedMain] .e.DevToolsPropertyDefaultsPostProcessor : Devtools property defaults active! Set 'spring.devtools.add-properties' to 'false' to disable
2025-08-14T09:48:52.608+09:00  INFO 6992 --- [spring_2di] [restartedMain] org.iclass.spring_2di.component.BuyDao   : BuyDao 생성자 - sales : [라면, 과자, 탄산음료, 과일]
2025-08-14T09:48:52.618+09:00  INFO 6992 --- [spring_2di] [restartedMain] o.i.s.component.CustomerService          : setDao 실행 완료!!
2025-08-14T09:48:52.618+09:00  INFO 6992 --- [spring_2di] [restartedMain] o.i.s.component.CustomerController       : setService 실행 완료!!
2025-08-14T09:48:52.622+09:00  INFO 6992 --- [spring_2di] [restartedMain] o.i.spring_2di.component.ProductDao      : ProductDao 기본생성자 - 
2025-08-14T09:48:52.623+09:00  INFO 6992 --- [spring_2di] [restartedMain] o.i.spring_2di.component.ProductService  : ProductService 생성자 - ProductDao message : welcome!!
2025-08-14T09:48:52.623+09:00  INFO 6992 --- [spring_2di] [restartedMain] o.i.s.component.ProductController        : ProductController 생성자 - service : class org.iclass.spring_2di.component.ProductService
2025-08-14T09:48:52.721+09:00  INFO 6992 --- [spring_2di] [restartedMain] o.s.b.d.a.OptionalLiveReloadServer       : LiveReload server is running on port 35729
2025-08-14T09:48:52.752+09:00  INFO 6992 --- [spring_2di] [restartedMain] o.i.spring_2di.Spring2diApplication      : Started Spring2diApplication in 1.479 seconds (process running for 1.999)
2025-08-14T09:48:52.758+09:00  INFO 6992 --- [spring_2di] [restartedMain] o.i.spring_2di.Spring2diApplication      : 	 bean 이름 : org.springframework.context.annotation.internalConfigurationAnnotationProcessor
2025-08-14T09:48:52.758+09:00  INFO 6992 --- [spring_2di] [restartedMain] o.i.spring_2di.Spring2diApplication      : 	 bean 이름 : org.springframework.context.annotation.internalAutowiredAnnotationProcessor
2025-08-14T09:48:52.760+09:00  INFO 6992 --- [spring_2di] [restartedMain] o.i.spring_2di.Spring2diApplication      : 	 bean 이름 : org.springframework.context.annotation.internalCommonAnnotationProcessor
2025-08-14T09:48:52.761+09:00  INFO 6992 --- [spring_2di] [restartedMain] o.i.spring_2di.Spring2diApplication      : 	 bean 이름 : org.springframework.context.event.internalEventListenerProcessor
2025-08-14T09:48:52.761+09:00  INFO 6992 --- [spring_2di] [restartedMain] o.i.spring_2di.Spring2diApplication      : 	 bean 이름 : org.springframework.context.event.internalEventListenerFactory
2025-08-14T09:48:52.762+09:00  INFO 6992 --- [spring_2di] [restartedMain] o.i.spring_2di.Spring2diApplication      : 	 bean 이름 : spring2diApplication
2025-08-14T09:48:52.762+09:00  INFO 6992 --- [spring_2di] [restartedMain] o.i.spring_2di.Spring2diApplication      : 	 bean 이름 : org.springframework.boot.autoconfigure.internalCachingMetadataReaderFactory
2025-08-14T09:48:52.764+09:00  INFO 6992 --- [spring_2di] [restartedMain] o.i.spring_2di.Spring2diApplication      : 	 bean 이름 : buyConfig
2025-08-14T09:48:52.765+09:00  INFO 6992 --- [spring_2di] [restartedMain] o.i.spring_2di.Spring2diApplication      : 	 bean 이름 : buyDao
2025-08-14T09:48:52.767+09:00  INFO 6992 --- [spring_2di] [restartedMain] o.i.spring_2di.Spring2diApplication      : 	 bean 이름 : customerApplication
2025-08-14T09:48:52.769+09:00  INFO 6992 --- [spring_2di] [restartedMain] o.i.spring_2di.Spring2diApplication      : 	 bean 이름 : customerController
2025-08-14T09:48:52.772+09:00  INFO 6992 --- [spring_2di] [restartedMain] o.i.spring_2di.Spring2diApplication      : 	 bean 이름 : customerDao
2025-08-14T09:48:52.773+09:00  INFO 6992 --- [spring_2di] [restartedMain] o.i.spring_2di.Spring2diApplication      : 	 bean 이름 : customerService
2025-08-14T09:48:52.774+09:00  INFO 6992 --- [spring_2di] [restartedMain] o.i.spring_2di.Spring2diApplication      : 	 bean 이름 : productController
2025-08-14T09:48:52.775+09:00  INFO 6992 --- [spring_2di] [restartedMain] o.i.spring_2di.Spring2diApplication      : 	 bean 이름 : productDao
2025-08-14T09:48:52.778+09:00  INFO 6992 --- [spring_2di] [restartedMain] o.i.spring_2di.Spring2diApplication      : 	 bean 이름 : productService
2025-08-14T09:48:52.782+09:00  INFO 6992 --- [spring_2di] [restartedMain] o.i.spring_2di.Spring2diApplication      : 	 bean 이름 : foodBean
2025-08-14T09:48:52.784+09:00  INFO 6992 --- [spring_2di] [restartedMain] o.i.spring_2di.Spring2diApplication      : 	 bean 이름 : shopBean
2025-08-14T09:48:52.785+09:00  INFO 6992 --- [spring_2di] [restartedMain] o.i.spring_2di.Spring2diApplication      : 	 bean 이름 : org.springframework.boot.autoconfigure.AutoConfigurationPackages
2025-08-14T09:48:52.786+09:00  INFO 6992 --- [spring_2di] [restartedMain] o.i.spring_2di.Spring2diApplication      : 	 bean 이름 : org.springframework.boot.autoconfigure.context.PropertyPlaceholderAutoConfiguration
2025-08-14T09:48:52.787+09:00  INFO 6992 --- [spring_2di] [restartedMain] o.i.spring_2di.Spring2diApplication      : 	 bean 이름 : propertySourcesPlaceholderConfigurer
2025-08-14T09:48:52.788+09:00  INFO 6992 --- [spring_2di] [restartedMain] o.i.spring_2di.Spring2diApplication      : 	 bean 이름 : org.springframework.boot.autoconfigure.aop.AopAutoConfiguration$ClassProxyingConfiguration
2025-08-14T09:48:52.790+09:00  INFO 6992 --- [spring_2di] [restartedMain] o.i.spring_2di.Spring2diApplication      : 	 bean 이름 : forceAutoProxyCreatorToUseClassProxying
2025-08-14T09:48:52.792+09:00  INFO 6992 --- [spring_2di] [restartedMain] o.i.spring_2di.Spring2diApplication      : 	 bean 이름 : org.springframework.boot.autoconfigure.aop.AopAutoConfiguration
2025-08-14T09:48:52.792+09:00  INFO 6992 --- [spring_2di] [restartedMain] o.i.spring_2di.Spring2diApplication      : 	 bean 이름 : org.springframework.boot.autoconfigure.availability.ApplicationAvailabilityAutoConfiguration
2025-08-14T09:48:52.792+09:00  INFO 6992 --- [spring_2di] [restartedMain] o.i.spring_2di.Spring2diApplication      : 	 bean 이름 : applicationAvailability
2025-08-14T09:48:52.793+09:00  INFO 6992 --- [spring_2di] [restartedMain] o.i.spring_2di.Spring2diApplication      : 	 bean 이름 : org.springframework.boot.autoconfigure.context.ConfigurationPropertiesAutoConfiguration
2025-08-14T09:48:52.793+09:00  INFO 6992 --- [spring_2di] [restartedMain] o.i.spring_2di.Spring2diApplication      : 	 bean 이름 : org.springframework.boot.context.properties.ConfigurationPropertiesBindingPostProcessor
2025-08-14T09:48:52.794+09:00  INFO 6992 --- [spring_2di] [restartedMain] o.i.spring_2di.Spring2diApplication      : 	 bean 이름 : org.springframework.boot.context.internalConfigurationPropertiesBinder
2025-08-14T09:48:52.795+09:00  INFO 6992 --- [spring_2di] [restartedMain] o.i.spring_2di.Spring2diApplication      : 	 bean 이름 : org.springframework.boot.context.properties.BoundConfigurationProperties
2025-08-14T09:48:52.795+09:00  INFO 6992 --- [spring_2di] [restartedMain] o.i.spring_2di.Spring2diApplication      : 	 bean 이름 : org.springframework.boot.context.properties.EnableConfigurationPropertiesRegistrar.methodValidationExcludeFilter
2025-08-14T09:48:52.795+09:00  INFO 6992 --- [spring_2di] [restartedMain] o.i.spring_2di.Spring2diApplication      : 	 bean 이름 : org.springframework.boot.autoconfigure.context.LifecycleAutoConfiguration
2025-08-14T09:48:52.796+09:00  INFO 6992 --- [spring_2di] [restartedMain] o.i.spring_2di.Spring2diApplication      : 	 bean 이름 : lifecycleProcessor
2025-08-14T09:48:52.796+09:00  INFO 6992 --- [spring_2di] [restartedMain] o.i.spring_2di.Spring2diApplication      : 	 bean 이름 : spring.lifecycle-org.springframework.boot.autoconfigure.context.LifecycleProperties
2025-08-14T09:48:52.797+09:00  INFO 6992 --- [spring_2di] [restartedMain] o.i.spring_2di.Spring2diApplication      : 	 bean 이름 : org.springframework.boot.autoconfigure.info.ProjectInfoAutoConfiguration
2025-08-14T09:48:52.797+09:00  INFO 6992 --- [spring_2di] [restartedMain] o.i.spring_2di.Spring2diApplication      : 	 bean 이름 : spring.info-org.springframework.boot.autoconfigure.info.ProjectInfoProperties
2025-08-14T09:48:52.798+09:00  INFO 6992 --- [spring_2di] [restartedMain] o.i.spring_2di.Spring2diApplication      : 	 bean 이름 : org.springframework.boot.autoconfigure.sql.init.SqlInitializationAutoConfiguration
2025-08-14T09:48:52.801+09:00  INFO 6992 --- [spring_2di] [restartedMain] o.i.spring_2di.Spring2diApplication      : 	 bean 이름 : spring.sql.init-org.springframework.boot.autoconfigure.sql.init.SqlInitializationProperties
2025-08-14T09:48:52.801+09:00  INFO 6992 --- [spring_2di] [restartedMain] o.i.spring_2di.Spring2diApplication      : 	 bean 이름 : org.springframework.boot.sql.init.dependency.DatabaseInitializationDependencyConfigurer$DependsOnDatabaseInitializationPostProcessor
2025-08-14T09:48:52.803+09:00  INFO 6992 --- [spring_2di] [restartedMain] o.i.spring_2di.Spring2diApplication      : 	 bean 이름 : org.springframework.boot.autoconfigure.ssl.SslAutoConfiguration
2025-08-14T09:48:52.804+09:00  INFO 6992 --- [spring_2di] [restartedMain] o.i.spring_2di.Spring2diApplication      : 	 bean 이름 : fileWatcher
2025-08-14T09:48:52.804+09:00  INFO 6992 --- [spring_2di] [restartedMain] o.i.spring_2di.Spring2diApplication      : 	 bean 이름 : sslPropertiesSslBundleRegistrar
2025-08-14T09:48:52.804+09:00  INFO 6992 --- [spring_2di] [restartedMain] o.i.spring_2di.Spring2diApplication      : 	 bean 이름 : sslBundleRegistry
2025-08-14T09:48:52.804+09:00  INFO 6992 --- [spring_2di] [restartedMain] o.i.spring_2di.Spring2diApplication      : 	 bean 이름 : spring.ssl-org.springframework.boot.autoconfigure.ssl.SslProperties
2025-08-14T09:48:52.805+09:00  INFO 6992 --- [spring_2di] [restartedMain] o.i.spring_2di.Spring2diApplication      : 	 bean 이름 : org.springframework.boot.autoconfigure.task.TaskExecutorConfigurations$ThreadPoolTaskExecutorBuilderConfiguration
2025-08-14T09:48:52.805+09:00  INFO 6992 --- [spring_2di] [restartedMain] o.i.spring_2di.Spring2diApplication      : 	 bean 이름 : threadPoolTaskExecutorBuilder
2025-08-14T09:48:52.806+09:00  INFO 6992 --- [spring_2di] [restartedMain] o.i.spring_2di.Spring2diApplication      : 	 bean 이름 : org.springframework.boot.autoconfigure.task.TaskExecutorConfigurations$SimpleAsyncTaskExecutorBuilderConfiguration
2025-08-14T09:48:52.807+09:00  INFO 6992 --- [spring_2di] [restartedMain] o.i.spring_2di.Spring2diApplication      : 	 bean 이름 : simpleAsyncTaskExecutorBuilder
2025-08-14T09:48:52.808+09:00  INFO 6992 --- [spring_2di] [restartedMain] o.i.spring_2di.Spring2diApplication      : 	 bean 이름 : org.springframework.boot.autoconfigure.task.TaskExecutorConfigurations$AsyncConfigurerConfiguration
2025-08-14T09:48:52.808+09:00  INFO 6992 --- [spring_2di] [restartedMain] o.i.spring_2di.Spring2diApplication      : 	 bean 이름 : applicationTaskExecutorAsyncConfigurer
2025-08-14T09:48:52.809+09:00  INFO 6992 --- [spring_2di] [restartedMain] o.i.spring_2di.Spring2diApplication      : 	 bean 이름 : org.springframework.boot.autoconfigure.task.TaskExecutorConfigurations$TaskExecutorConfiguration
2025-08-14T09:48:52.809+09:00  INFO 6992 --- [spring_2di] [restartedMain] o.i.spring_2di.Spring2diApplication      : 	 bean 이름 : applicationTaskExecutor
2025-08-14T09:48:52.809+09:00  INFO 6992 --- [spring_2di] [restartedMain] o.i.spring_2di.Spring2diApplication      : 	 bean 이름 : org.springframework.boot.autoconfigure.task.TaskExecutorConfigurations$BootstrapExecutorConfiguration
2025-08-14T09:48:52.810+09:00  INFO 6992 --- [spring_2di] [restartedMain] o.i.spring_2di.Spring2diApplication      : 	 bean 이름 : bootstrapExecutorAliasPostProcessor
2025-08-14T09:48:52.811+09:00  INFO 6992 --- [spring_2di] [restartedMain] o.i.spring_2di.Spring2diApplication      : 	 bean 이름 : org.springframework.boot.autoconfigure.task.TaskExecutionAutoConfiguration
2025-08-14T09:48:52.813+09:00  INFO 6992 --- [spring_2di] [restartedMain] o.i.spring_2di.Spring2diApplication      : 	 bean 이름 : spring.task.execution-org.springframework.boot.autoconfigure.task.TaskExecutionProperties
2025-08-14T09:48:52.818+09:00  INFO 6992 --- [spring_2di] [restartedMain] o.i.spring_2di.Spring2diApplication      : 	 bean 이름 : org.springframework.boot.autoconfigure.task.TaskSchedulingConfigurations$ThreadPoolTaskSchedulerBuilderConfiguration
2025-08-14T09:48:52.820+09:00  INFO 6992 --- [spring_2di] [restartedMain] o.i.spring_2di.Spring2diApplication      : 	 bean 이름 : threadPoolTaskSchedulerBuilder
2025-08-14T09:48:52.820+09:00  INFO 6992 --- [spring_2di] [restartedMain] o.i.spring_2di.Spring2diApplication      : 	 bean 이름 : org.springframework.boot.autoconfigure.task.TaskSchedulingConfigurations$SimpleAsyncTaskSchedulerBuilderConfiguration
2025-08-14T09:48:52.821+09:00  INFO 6992 --- [spring_2di] [restartedMain] o.i.spring_2di.Spring2diApplication      : 	 bean 이름 : simpleAsyncTaskSchedulerBuilder
2025-08-14T09:48:52.821+09:00  INFO 6992 --- [spring_2di] [restartedMain] o.i.spring_2di.Spring2diApplication      : 	 bean 이름 : org.springframework.boot.autoconfigure.task.TaskSchedulingAutoConfiguration
2025-08-14T09:48:52.821+09:00  INFO 6992 --- [spring_2di] [restartedMain] o.i.spring_2di.Spring2diApplication      : 	 bean 이름 : spring.task.scheduling-org.springframework.boot.autoconfigure.task.TaskSchedulingProperties
2025-08-14T09:48:52.822+09:00  INFO 6992 --- [spring_2di] [restartedMain] o.i.spring_2di.Spring2diApplication      : 	 bean 이름 : org.springframework.boot.devtools.autoconfigure.LocalDevToolsAutoConfiguration$RestartConfiguration
2025-08-14T09:48:52.822+09:00  INFO 6992 --- [spring_2di] [restartedMain] o.i.spring_2di.Spring2diApplication      : 	 bean 이름 : restartingClassPathChangedEventListener
2025-08-14T09:48:52.822+09:00  INFO 6992 --- [spring_2di] [restartedMain] o.i.spring_2di.Spring2diApplication      : 	 bean 이름 : classPathFileSystemWatcher
2025-08-14T09:48:52.822+09:00  INFO 6992 --- [spring_2di] [restartedMain] o.i.spring_2di.Spring2diApplication      : 	 bean 이름 : classPathRestartStrategy
2025-08-14T09:48:52.822+09:00  INFO 6992 --- [spring_2di] [restartedMain] o.i.spring_2di.Spring2diApplication      : 	 bean 이름 : fileSystemWatcherFactory
2025-08-14T09:48:52.823+09:00  INFO 6992 --- [spring_2di] [restartedMain] o.i.spring_2di.Spring2diApplication      : 	 bean 이름 : conditionEvaluationDeltaLoggingListener
2025-08-14T09:48:52.823+09:00  INFO 6992 --- [spring_2di] [restartedMain] o.i.spring_2di.Spring2diApplication      : 	 bean 이름 : org.springframework.boot.devtools.autoconfigure.LocalDevToolsAutoConfiguration$LiveReloadConfiguration
2025-08-14T09:48:52.823+09:00  INFO 6992 --- [spring_2di] [restartedMain] o.i.spring_2di.Spring2diApplication      : 	 bean 이름 : liveReloadServer
2025-08-14T09:48:52.823+09:00  INFO 6992 --- [spring_2di] [restartedMain] o.i.spring_2di.Spring2diApplication      : 	 bean 이름 : optionalLiveReloadServer
2025-08-14T09:48:52.824+09:00  INFO 6992 --- [spring_2di] [restartedMain] o.i.spring_2di.Spring2diApplication      : 	 bean 이름 : liveReloadServerEventListener
2025-08-14T09:48:52.824+09:00  INFO 6992 --- [spring_2di] [restartedMain] o.i.spring_2di.Spring2diApplication      : 	 bean 이름 : org.springframework.boot.devtools.autoconfigure.LocalDevToolsAutoConfiguration
2025-08-14T09:48:52.824+09:00  INFO 6992 --- [spring_2di] [restartedMain] o.i.spring_2di.Spring2diApplication      : 	 bean 이름 : spring.devtools-org.springframework.boot.devtools.autoconfigure.DevToolsProperties
2025-08-14T09:48:52.825+09:00  INFO 6992 --- [spring_2di] [restartedMain] o.i.spring_2di.Spring2diApplication      : 	 bean 이름 : org.springframework.aop.config.internalAutoProxyCreator
2025-08-14T09:48:52.826+09:00  INFO 6992 --- [spring_2di] [restartedMain] o.i.spring_2di.Spring2diApplication      : 현재 bean 의 갯수 : 75
