2025-08-19T10:44:33.943+09:00  INFO 7244 --- [spring_5webmvc] [restartedMain] o.i.s.Spring5webmvcApplication           : Starting Spring5webmvcApplication using Java 17.0.5 with PID 7244 (C:\class250615\spring_workspace\spring_5webmvc\target\classes started by C104 in C:\class250615\spring_workspace)
2025-08-19T10:44:33.948+09:00  INFO 7244 --- [spring_5webmvc] [restartedMain] o.i.s.Spring5webmvcApplication           : No active profile set, falling back to 1 default profile: "default"
2025-08-19T10:44:34.040+09:00  INFO 7244 --- [spring_5webmvc] [restartedMain] o.s.b.devtools.restart.ChangeableUrls    : The Class-Path manifest attribute in C:\Users\C104\.m2\repository\com\oracle\database\jdbc\ojdbc11\23.7.0.25.01\ojdbc11-23.7.0.25.01.jar referenced one or more files that do not exist: file:/C:/Users/C104/.m2/repository/com/oracle/database/jdbc/ojdbc11/23.7.0.25.01/oraclepki.jar
2025-08-19T10:44:34.045+09:00  INFO 7244 --- [spring_5webmvc] [restartedMain] .e.DevToolsPropertyDefaultsPostProcessor : Devtools property defaults active! Set 'spring.devtools.add-properties' to 'false' to disable
2025-08-19T10:44:34.046+09:00  INFO 7244 --- [spring_5webmvc] [restartedMain] .e.DevToolsPropertyDefaultsPostProcessor : For additional web related logging consider setting the 'logging.level.web' property to 'DEBUG'
2025-08-19T10:44:35.193+09:00  WARN 7244 --- [spring_5webmvc] [restartedMain] o.m.s.mapper.ClassPathMapperScanner      : No MyBatis mapper was found in '[org.iclass.spring_5webmvc]' package. Please check your configuration.
2025-08-19T10:44:35.712+09:00  INFO 7244 --- [spring_5webmvc] [restartedMain] o.s.b.w.embedded.tomcat.TomcatWebServer  : Tomcat initialized with port 8081 (http)
2025-08-19T10:44:35.739+09:00  INFO 7244 --- [spring_5webmvc] [restartedMain] o.apache.catalina.core.StandardService   : Starting service [Tomcat]
2025-08-19T10:44:35.740+09:00  INFO 7244 --- [spring_5webmvc] [restartedMain] o.apache.catalina.core.StandardEngine    : Starting Servlet engine: [Apache Tomcat/10.1.43]
2025-08-19T10:44:35.801+09:00  INFO 7244 --- [spring_5webmvc] [restartedMain] o.a.c.c.C.[Tomcat].[localhost].[/]       : Initializing Spring embedded WebApplicationContext
2025-08-19T10:44:35.802+09:00  INFO 7244 --- [spring_5webmvc] [restartedMain] w.s.c.ServletWebServerApplicationContext : Root WebApplicationContext: initialization completed in 1754 ms
2025-08-19T10:44:35.968+09:00  INFO 7244 --- [spring_5webmvc] [restartedMain] o.s.b.a.w.s.WelcomePageHandlerMapping    : Adding welcome page template: index
2025-08-19T10:44:36.778+09:00  INFO 7244 --- [spring_5webmvc] [restartedMain] o.s.b.d.a.OptionalLiveReloadServer       : LiveReload server is running on port 35729
2025-08-19T10:44:36.828+09:00  INFO 7244 --- [spring_5webmvc] [restartedMain] o.s.b.w.embedded.tomcat.TomcatWebServer  : Tomcat started on port 8081 (http) with context path '/'
2025-08-19T10:44:36.842+09:00  INFO 7244 --- [spring_5webmvc] [restartedMain] o.i.s.Spring5webmvcApplication           : Started Spring5webmvcApplication in 3.483 seconds (process running for 3.985)
2025-08-19T10:44:36.951+09:00  INFO 7244 --- [spring_5webmvc] [http-nio-8081-exec-1] o.a.c.c.C.[Tomcat].[localhost].[/]       : Initializing Spring DispatcherServlet 'dispatcherServlet'
2025-08-19T10:44:36.954+09:00  INFO 7244 --- [spring_5webmvc] [http-nio-8081-exec-1] o.s.web.servlet.DispatcherServlet        : Initializing Servlet 'dispatcherServlet'
2025-08-19T10:44:36.959+09:00  INFO 7244 --- [spring_5webmvc] [http-nio-8081-exec-1] o.s.web.servlet.DispatcherServlet        : Completed initialization in 2 ms
2025-08-19T10:52:49.167+09:00  INFO 7244 --- [spring_5webmvc] [http-nio-8081-exec-8] o.i.s.c.TestController_2Parameter        : null
2025-08-19T10:52:49.168+09:00  INFO 7244 --- [spring_5webmvc] [http-nio-8081-exec-8] o.i.s.c.TestController_2Parameter        : {age}
2025-08-19T10:58:10.030+09:00  INFO 9976 --- [spring_5webmvc] [restartedMain] o.i.s.Spring5webmvcApplication           : Starting Spring5webmvcApplication using Java 17.0.5 with PID 9976 (C:\class250615\spring_workspace\spring_5webmvc\target\classes started by C104 in C:\class250615\spring_workspace)
2025-08-19T10:58:10.035+09:00  INFO 9976 --- [spring_5webmvc] [restartedMain] o.i.s.Spring5webmvcApplication           : No active profile set, falling back to 1 default profile: "default"
2025-08-19T10:58:10.106+09:00  INFO 9976 --- [spring_5webmvc] [restartedMain] o.s.b.devtools.restart.ChangeableUrls    : The Class-Path manifest attribute in C:\Users\C104\.m2\repository\com\oracle\database\jdbc\ojdbc11\23.7.0.25.01\ojdbc11-23.7.0.25.01.jar referenced one or more files that do not exist: file:/C:/Users/C104/.m2/repository/com/oracle/database/jdbc/ojdbc11/23.7.0.25.01/oraclepki.jar
2025-08-19T10:58:10.108+09:00  INFO 9976 --- [spring_5webmvc] [restartedMain] .e.DevToolsPropertyDefaultsPostProcessor : Devtools property defaults active! Set 'spring.devtools.add-properties' to 'false' to disable
2025-08-19T10:58:10.109+09:00  INFO 9976 --- [spring_5webmvc] [restartedMain] .e.DevToolsPropertyDefaultsPostProcessor : For additional web related logging consider setting the 'logging.level.web' property to 'DEBUG'
2025-08-19T10:58:11.176+09:00  WARN 9976 --- [spring_5webmvc] [restartedMain] o.m.s.mapper.ClassPathMapperScanner      : No MyBatis mapper was found in '[org.iclass.spring_5webmvc]' package. Please check your configuration.
2025-08-19T10:58:11.695+09:00  INFO 9976 --- [spring_5webmvc] [restartedMain] o.s.b.w.embedded.tomcat.TomcatWebServer  : Tomcat initialized with port 8081 (http)
2025-08-19T10:58:11.712+09:00  INFO 9976 --- [spring_5webmvc] [restartedMain] o.apache.catalina.core.StandardService   : Starting service [Tomcat]
2025-08-19T10:58:11.713+09:00  INFO 9976 --- [spring_5webmvc] [restartedMain] o.apache.catalina.core.StandardEngine    : Starting Servlet engine: [Apache Tomcat/10.1.43]
2025-08-19T10:58:11.770+09:00  INFO 9976 --- [spring_5webmvc] [restartedMain] o.a.c.c.C.[Tomcat].[localhost].[/]       : Initializing Spring embedded WebApplicationContext
2025-08-19T10:58:11.771+09:00  INFO 9976 --- [spring_5webmvc] [restartedMain] w.s.c.ServletWebServerApplicationContext : Root WebApplicationContext: initialization completed in 1661 ms
2025-08-19T10:58:11.939+09:00  INFO 9976 --- [spring_5webmvc] [restartedMain] o.s.b.a.w.s.WelcomePageHandlerMapping    : Adding welcome page template: index
2025-08-19T10:58:12.856+09:00  INFO 9976 --- [spring_5webmvc] [restartedMain] o.s.b.d.a.OptionalLiveReloadServer       : LiveReload server is running on port 35729
2025-08-19T10:58:12.893+09:00  INFO 9976 --- [spring_5webmvc] [restartedMain] o.s.b.w.embedded.tomcat.TomcatWebServer  : Tomcat started on port 8081 (http) with context path '/'
2025-08-19T10:58:12.905+09:00  INFO 9976 --- [spring_5webmvc] [restartedMain] o.i.s.Spring5webmvcApplication           : Started Spring5webmvcApplication in 3.475 seconds (process running for 3.949)
2025-08-19T10:58:13.640+09:00  INFO 9976 --- [spring_5webmvc] [http-nio-8081-exec-1] o.a.c.c.C.[Tomcat].[localhost].[/]       : Initializing Spring DispatcherServlet 'dispatcherServlet'
2025-08-19T10:58:13.641+09:00  INFO 9976 --- [spring_5webmvc] [http-nio-8081-exec-1] o.s.web.servlet.DispatcherServlet        : Initializing Servlet 'dispatcherServlet'
2025-08-19T10:58:13.643+09:00  INFO 9976 --- [spring_5webmvc] [http-nio-8081-exec-1] o.s.web.servlet.DispatcherServlet        : Completed initialization in 2 ms
2025-08-19T10:58:32.453+09:00  INFO 3888 --- [spring_5webmvc] [restartedMain] o.i.s.Spring5webmvcApplication           : Starting Spring5webmvcApplication using Java 17.0.5 with PID 3888 (C:\class250615\spring_workspace\spring_5webmvc\target\classes started by C104 in C:\class250615\spring_workspace)
2025-08-19T10:58:32.462+09:00  INFO 3888 --- [spring_5webmvc] [restartedMain] o.i.s.Spring5webmvcApplication           : No active profile set, falling back to 1 default profile: "default"
2025-08-19T10:58:32.537+09:00  INFO 3888 --- [spring_5webmvc] [restartedMain] o.s.b.devtools.restart.ChangeableUrls    : The Class-Path manifest attribute in C:\Users\C104\.m2\repository\com\oracle\database\jdbc\ojdbc11\23.7.0.25.01\ojdbc11-23.7.0.25.01.jar referenced one or more files that do not exist: file:/C:/Users/C104/.m2/repository/com/oracle/database/jdbc/ojdbc11/23.7.0.25.01/oraclepki.jar
2025-08-19T10:58:32.540+09:00  INFO 3888 --- [spring_5webmvc] [restartedMain] .e.DevToolsPropertyDefaultsPostProcessor : Devtools property defaults active! Set 'spring.devtools.add-properties' to 'false' to disable
2025-08-19T10:58:32.541+09:00  INFO 3888 --- [spring_5webmvc] [restartedMain] .e.DevToolsPropertyDefaultsPostProcessor : For additional web related logging consider setting the 'logging.level.web' property to 'DEBUG'
2025-08-19T10:58:33.645+09:00  WARN 3888 --- [spring_5webmvc] [restartedMain] o.m.s.mapper.ClassPathMapperScanner      : No MyBatis mapper was found in '[org.iclass.spring_5webmvc]' package. Please check your configuration.
2025-08-19T10:58:34.198+09:00  INFO 3888 --- [spring_5webmvc] [restartedMain] o.s.b.w.embedded.tomcat.TomcatWebServer  : Tomcat initialized with port 8081 (http)
2025-08-19T10:58:34.217+09:00  INFO 3888 --- [spring_5webmvc] [restartedMain] o.apache.catalina.core.StandardService   : Starting service [Tomcat]
2025-08-19T10:58:34.219+09:00  INFO 3888 --- [spring_5webmvc] [restartedMain] o.apache.catalina.core.StandardEngine    : Starting Servlet engine: [Apache Tomcat/10.1.43]
2025-08-19T10:58:34.273+09:00  INFO 3888 --- [spring_5webmvc] [restartedMain] o.a.c.c.C.[Tomcat].[localhost].[/]       : Initializing Spring embedded WebApplicationContext
2025-08-19T10:58:34.274+09:00  INFO 3888 --- [spring_5webmvc] [restartedMain] w.s.c.ServletWebServerApplicationContext : Root WebApplicationContext: initialization completed in 1731 ms
2025-08-19T10:58:34.424+09:00  INFO 3888 --- [spring_5webmvc] [restartedMain] o.s.b.a.w.s.WelcomePageHandlerMapping    : Adding welcome page template: index
2025-08-19T10:58:35.277+09:00  INFO 3888 --- [spring_5webmvc] [restartedMain] o.s.b.d.a.OptionalLiveReloadServer       : LiveReload server is running on port 35729
2025-08-19T10:58:35.318+09:00  INFO 3888 --- [spring_5webmvc] [restartedMain] o.s.b.w.embedded.tomcat.TomcatWebServer  : Tomcat started on port 8081 (http) with context path '/'
2025-08-19T10:58:35.332+09:00  INFO 3888 --- [spring_5webmvc] [restartedMain] o.i.s.Spring5webmvcApplication           : Started Spring5webmvcApplication in 3.481 seconds (process running for 3.919)
2025-08-19T10:58:36.170+09:00  INFO 3888 --- [spring_5webmvc] [http-nio-8081-exec-1] o.a.c.c.C.[Tomcat].[localhost].[/]       : Initializing Spring DispatcherServlet 'dispatcherServlet'
2025-08-19T10:58:36.173+09:00  INFO 3888 --- [spring_5webmvc] [http-nio-8081-exec-1] o.s.web.servlet.DispatcherServlet        : Initializing Servlet 'dispatcherServlet'
2025-08-19T10:58:36.174+09:00  INFO 3888 --- [spring_5webmvc] [http-nio-8081-exec-1] o.s.web.servlet.DispatcherServlet        : Completed initialization in 1 ms
2025-08-19T10:58:44.642+09:00  INFO 3888 --- [spring_5webmvc] [http-nio-8081-exec-3] o.i.s.c.TestController_2Parameter        : null
2025-08-19T10:58:44.644+09:00  INFO 3888 --- [spring_5webmvc] [http-nio-8081-exec-3] o.i.s.c.TestController_2Parameter        : {age}
2025-08-19T11:00:47.281+09:00  INFO 5312 --- [spring_5webmvc] [restartedMain] o.i.s.Spring5webmvcApplication           : Starting Spring5webmvcApplication using Java 17.0.5 with PID 5312 (C:\class250615\spring_workspace\spring_5webmvc\target\classes started by C104 in C:\class250615\spring_workspace)
2025-08-19T11:00:47.289+09:00  INFO 5312 --- [spring_5webmvc] [restartedMain] o.i.s.Spring5webmvcApplication           : No active profile set, falling back to 1 default profile: "default"
2025-08-19T11:00:47.372+09:00  INFO 5312 --- [spring_5webmvc] [restartedMain] o.s.b.devtools.restart.ChangeableUrls    : The Class-Path manifest attribute in C:\Users\C104\.m2\repository\com\oracle\database\jdbc\ojdbc11\23.7.0.25.01\ojdbc11-23.7.0.25.01.jar referenced one or more files that do not exist: file:/C:/Users/C104/.m2/repository/com/oracle/database/jdbc/ojdbc11/23.7.0.25.01/oraclepki.jar
2025-08-19T11:00:47.373+09:00  INFO 5312 --- [spring_5webmvc] [restartedMain] .e.DevToolsPropertyDefaultsPostProcessor : Devtools property defaults active! Set 'spring.devtools.add-properties' to 'false' to disable
2025-08-19T11:00:47.374+09:00  INFO 5312 --- [spring_5webmvc] [restartedMain] .e.DevToolsPropertyDefaultsPostProcessor : For additional web related logging consider setting the 'logging.level.web' property to 'DEBUG'
2025-08-19T11:00:48.433+09:00  WARN 5312 --- [spring_5webmvc] [restartedMain] o.m.s.mapper.ClassPathMapperScanner      : No MyBatis mapper was found in '[org.iclass.spring_5webmvc]' package. Please check your configuration.
2025-08-19T11:00:48.931+09:00  INFO 5312 --- [spring_5webmvc] [restartedMain] o.s.b.w.embedded.tomcat.TomcatWebServer  : Tomcat initialized with port 8081 (http)
2025-08-19T11:00:48.956+09:00  INFO 5312 --- [spring_5webmvc] [restartedMain] o.apache.catalina.core.StandardService   : Starting service [Tomcat]
2025-08-19T11:00:48.956+09:00  INFO 5312 --- [spring_5webmvc] [restartedMain] o.apache.catalina.core.StandardEngine    : Starting Servlet engine: [Apache Tomcat/10.1.43]
2025-08-19T11:00:49.013+09:00  INFO 5312 --- [spring_5webmvc] [restartedMain] o.a.c.c.C.[Tomcat].[localhost].[/]       : Initializing Spring embedded WebApplicationContext
2025-08-19T11:00:49.014+09:00  INFO 5312 --- [spring_5webmvc] [restartedMain] w.s.c.ServletWebServerApplicationContext : Root WebApplicationContext: initialization completed in 1638 ms
2025-08-19T11:00:49.212+09:00  INFO 5312 --- [spring_5webmvc] [restartedMain] o.s.b.a.w.s.WelcomePageHandlerMapping    : Adding welcome page template: index
2025-08-19T11:00:50.114+09:00  INFO 5312 --- [spring_5webmvc] [restartedMain] o.s.b.d.a.OptionalLiveReloadServer       : LiveReload server is running on port 35729
2025-08-19T11:00:50.156+09:00  INFO 5312 --- [spring_5webmvc] [restartedMain] o.s.b.w.embedded.tomcat.TomcatWebServer  : Tomcat started on port 8081 (http) with context path '/'
2025-08-19T11:00:50.175+09:00  INFO 5312 --- [spring_5webmvc] [restartedMain] o.i.s.Spring5webmvcApplication           : Started Spring5webmvcApplication in 3.571 seconds (process running for 4.001)
2025-08-19T11:00:50.231+09:00  INFO 5312 --- [spring_5webmvc] [http-nio-8081-exec-1] o.a.c.c.C.[Tomcat].[localhost].[/]       : Initializing Spring DispatcherServlet 'dispatcherServlet'
2025-08-19T11:00:50.232+09:00  INFO 5312 --- [spring_5webmvc] [http-nio-8081-exec-1] o.s.web.servlet.DispatcherServlet        : Initializing Servlet 'dispatcherServlet'
2025-08-19T11:00:50.236+09:00  INFO 5312 --- [spring_5webmvc] [http-nio-8081-exec-1] o.s.web.servlet.DispatcherServlet        : Completed initialization in 1 ms
2025-08-19T11:00:57.995+09:00  INFO 5312 --- [spring_5webmvc] [http-nio-8081-exec-5] o.i.s.c.TestController_2Parameter        : null
2025-08-19T11:00:57.995+09:00  INFO 5312 --- [spring_5webmvc] [http-nio-8081-exec-5] o.i.s.c.TestController_2Parameter        : {age}
2025-08-19T11:03:20.102+09:00  INFO 5312 --- [spring_5webmvc] [File Watcher] rtingClassPathChangeChangedEventListener : Restarting due to 1 class path change (0 additions, 0 deletions, 1 modification)
2025-08-19T11:03:20.113+09:00  INFO 5312 --- [spring_5webmvc] [Thread-5] o.s.b.w.e.tomcat.GracefulShutdown        : Commencing graceful shutdown. Waiting for active requests to complete
2025-08-19T11:03:20.227+09:00  INFO 5312 --- [spring_5webmvc] [tomcat-shutdown] o.s.b.w.e.tomcat.GracefulShutdown        : Graceful shutdown complete
2025-08-19T11:03:20.328+09:00  INFO 5312 --- [spring_5webmvc] [restartedMain] o.i.s.Spring5webmvcApplication           : Starting Spring5webmvcApplication using Java 17.0.5 with PID 5312 (C:\class250615\spring_workspace\spring_5webmvc\target\classes started by C104 in C:\class250615\spring_workspace)
2025-08-19T11:03:20.329+09:00  INFO 5312 --- [spring_5webmvc] [restartedMain] o.i.s.Spring5webmvcApplication           : No active profile set, falling back to 1 default profile: "default"
2025-08-19T11:03:20.643+09:00  WARN 5312 --- [spring_5webmvc] [restartedMain] o.m.s.mapper.ClassPathMapperScanner      : No MyBatis mapper was found in '[org.iclass.spring_5webmvc]' package. Please check your configuration.
2025-08-19T11:03:20.703+09:00  INFO 5312 --- [spring_5webmvc] [restartedMain] o.s.b.w.embedded.tomcat.TomcatWebServer  : Tomcat initialized with port 8081 (http)
2025-08-19T11:03:20.704+09:00  INFO 5312 --- [spring_5webmvc] [restartedMain] o.apache.catalina.core.StandardService   : Starting service [Tomcat]
2025-08-19T11:03:20.705+09:00  INFO 5312 --- [spring_5webmvc] [restartedMain] o.apache.catalina.core.StandardEngine    : Starting Servlet engine: [Apache Tomcat/10.1.43]
2025-08-19T11:03:20.724+09:00  INFO 5312 --- [spring_5webmvc] [restartedMain] o.a.c.c.C.[Tomcat].[localhost].[/]       : Initializing Spring embedded WebApplicationContext
2025-08-19T11:03:20.725+09:00  INFO 5312 --- [spring_5webmvc] [restartedMain] w.s.c.ServletWebServerApplicationContext : Root WebApplicationContext: initialization completed in 374 ms
2025-08-19T11:03:20.775+09:00  INFO 5312 --- [spring_5webmvc] [restartedMain] o.s.b.a.w.s.WelcomePageHandlerMapping    : Adding welcome page template: index
2025-08-19T11:03:20.961+09:00  INFO 5312 --- [spring_5webmvc] [restartedMain] o.s.b.d.a.OptionalLiveReloadServer       : LiveReload server is running on port 35729
2025-08-19T11:03:20.972+09:00  INFO 5312 --- [spring_5webmvc] [restartedMain] o.s.b.w.embedded.tomcat.TomcatWebServer  : Tomcat started on port 8081 (http) with context path '/'
2025-08-19T11:03:20.983+09:00  INFO 5312 --- [spring_5webmvc] [restartedMain] o.i.s.Spring5webmvcApplication           : Started Spring5webmvcApplication in 0.695 seconds (process running for 154.808)
2025-08-19T11:03:20.994+09:00  INFO 5312 --- [spring_5webmvc] [restartedMain] .ConditionEvaluationDeltaLoggingListener : Condition evaluation unchanged
2025-08-19T11:03:37.863+09:00  INFO 5312 --- [spring_5webmvc] [File Watcher] rtingClassPathChangeChangedEventListener : Restarting due to 1 class path change (0 additions, 0 deletions, 1 modification)
2025-08-19T11:03:37.865+09:00  INFO 5312 --- [spring_5webmvc] [Thread-7] o.s.b.w.e.tomcat.GracefulShutdown        : Commencing graceful shutdown. Waiting for active requests to complete
2025-08-19T11:03:37.911+09:00  INFO 5312 --- [spring_5webmvc] [tomcat-shutdown] o.s.b.w.e.tomcat.GracefulShutdown        : Graceful shutdown complete
2025-08-19T11:03:37.988+09:00  INFO 5312 --- [spring_5webmvc] [restartedMain] o.i.s.Spring5webmvcApplication           : Starting Spring5webmvcApplication using Java 17.0.5 with PID 5312 (C:\class250615\spring_workspace\spring_5webmvc\target\classes started by C104 in C:\class250615\spring_workspace)
2025-08-19T11:03:37.989+09:00  INFO 5312 --- [spring_5webmvc] [restartedMain] o.i.s.Spring5webmvcApplication           : No active profile set, falling back to 1 default profile: "default"
2025-08-19T11:03:38.432+09:00  WARN 5312 --- [spring_5webmvc] [restartedMain] o.m.s.mapper.ClassPathMapperScanner      : No MyBatis mapper was found in '[org.iclass.spring_5webmvc]' package. Please check your configuration.
2025-08-19T11:03:38.513+09:00  INFO 5312 --- [spring_5webmvc] [restartedMain] o.s.b.w.embedded.tomcat.TomcatWebServer  : Tomcat initialized with port 8081 (http)
2025-08-19T11:03:38.535+09:00  INFO 5312 --- [spring_5webmvc] [restartedMain] o.apache.catalina.core.StandardService   : Starting service [Tomcat]
2025-08-19T11:03:38.540+09:00  INFO 5312 --- [spring_5webmvc] [restartedMain] o.apache.catalina.core.StandardEngine    : Starting Servlet engine: [Apache Tomcat/10.1.43]
2025-08-19T11:03:38.562+09:00  INFO 5312 --- [spring_5webmvc] [restartedMain] o.a.c.c.C.[Tomcat].[localhost].[/]       : Initializing Spring embedded WebApplicationContext
2025-08-19T11:03:38.575+09:00  INFO 5312 --- [spring_5webmvc] [restartedMain] w.s.c.ServletWebServerApplicationContext : Root WebApplicationContext: initialization completed in 584 ms
2025-08-19T11:03:38.747+09:00  INFO 5312 --- [spring_5webmvc] [restartedMain] o.s.b.a.w.s.WelcomePageHandlerMapping    : Adding welcome page template: index
2025-08-19T11:03:39.204+09:00  INFO 5312 --- [spring_5webmvc] [restartedMain] o.s.b.d.a.OptionalLiveReloadServer       : LiveReload server is running on port 35729
2025-08-19T11:03:39.507+09:00  INFO 5312 --- [spring_5webmvc] [restartedMain] o.s.b.w.embedded.tomcat.TomcatWebServer  : Tomcat started on port 8081 (http) with context path '/'
2025-08-19T11:03:39.626+09:00  INFO 5312 --- [spring_5webmvc] [restartedMain] o.i.s.Spring5webmvcApplication           : Started Spring5webmvcApplication in 1.669 seconds (process running for 173.452)
2025-08-19T11:03:39.688+09:00  INFO 5312 --- [spring_5webmvc] [restartedMain] .ConditionEvaluationDeltaLoggingListener : Condition evaluation unchanged
2025-08-19T11:03:40.941+09:00  INFO 5312 --- [spring_5webmvc] [File Watcher] rtingClassPathChangeChangedEventListener : Restarting due to 1 class path change (0 additions, 0 deletions, 1 modification)
2025-08-19T11:03:40.943+09:00  INFO 5312 --- [spring_5webmvc] [Thread-11] o.s.b.w.e.tomcat.GracefulShutdown        : Commencing graceful shutdown. Waiting for active requests to complete
2025-08-19T11:03:41.001+09:00  INFO 5312 --- [spring_5webmvc] [tomcat-shutdown] o.s.b.w.e.tomcat.GracefulShutdown        : Graceful shutdown complete
2025-08-19T11:03:41.073+09:00  INFO 5312 --- [spring_5webmvc] [restartedMain] o.i.s.Spring5webmvcApplication           : Starting Spring5webmvcApplication using Java 17.0.5 with PID 5312 (C:\class250615\spring_workspace\spring_5webmvc\target\classes started by C104 in C:\class250615\spring_workspace)
2025-08-19T11:03:41.074+09:00  INFO 5312 --- [spring_5webmvc] [restartedMain] o.i.s.Spring5webmvcApplication           : No active profile set, falling back to 1 default profile: "default"
2025-08-19T11:03:41.365+09:00  WARN 5312 --- [spring_5webmvc] [restartedMain] o.m.s.mapper.ClassPathMapperScanner      : No MyBatis mapper was found in '[org.iclass.spring_5webmvc]' package. Please check your configuration.
2025-08-19T11:03:41.428+09:00  INFO 5312 --- [spring_5webmvc] [restartedMain] o.s.b.w.embedded.tomcat.TomcatWebServer  : Tomcat initialized with port 8081 (http)
2025-08-19T11:03:41.429+09:00  INFO 5312 --- [spring_5webmvc] [restartedMain] o.apache.catalina.core.StandardService   : Starting service [Tomcat]
2025-08-19T11:03:41.430+09:00  INFO 5312 --- [spring_5webmvc] [restartedMain] o.apache.catalina.core.StandardEngine    : Starting Servlet engine: [Apache Tomcat/10.1.43]
2025-08-19T11:03:41.450+09:00  INFO 5312 --- [spring_5webmvc] [restartedMain] o.a.c.c.C.[Tomcat].[localhost].[/]       : Initializing Spring embedded WebApplicationContext
2025-08-19T11:03:41.451+09:00  INFO 5312 --- [spring_5webmvc] [restartedMain] w.s.c.ServletWebServerApplicationContext : Root WebApplicationContext: initialization completed in 375 ms
2025-08-19T11:03:41.491+09:00  INFO 5312 --- [spring_5webmvc] [restartedMain] o.s.b.a.w.s.WelcomePageHandlerMapping    : Adding welcome page template: index
2025-08-19T11:03:41.600+09:00  INFO 5312 --- [spring_5webmvc] [restartedMain] o.s.b.d.a.OptionalLiveReloadServer       : LiveReload server is running on port 35729
2025-08-19T11:03:41.610+09:00  INFO 5312 --- [spring_5webmvc] [restartedMain] o.s.b.w.embedded.tomcat.TomcatWebServer  : Tomcat started on port 8081 (http) with context path '/'
2025-08-19T11:03:41.617+09:00  INFO 5312 --- [spring_5webmvc] [restartedMain] o.i.s.Spring5webmvcApplication           : Started Spring5webmvcApplication in 0.569 seconds (process running for 175.442)
2025-08-19T11:03:41.619+09:00  INFO 5312 --- [spring_5webmvc] [restartedMain] .ConditionEvaluationDeltaLoggingListener : Condition evaluation unchanged
2025-08-19T11:03:45.071+09:00  INFO 5312 --- [spring_5webmvc] [File Watcher] rtingClassPathChangeChangedEventListener : Restarting due to 1 class path change (0 additions, 0 deletions, 1 modification)
2025-08-19T11:03:45.073+09:00  INFO 5312 --- [spring_5webmvc] [Thread-15] o.s.b.w.e.tomcat.GracefulShutdown        : Commencing graceful shutdown. Waiting for active requests to complete
2025-08-19T11:03:45.121+09:00  INFO 5312 --- [spring_5webmvc] [tomcat-shutdown] o.s.b.w.e.tomcat.GracefulShutdown        : Graceful shutdown complete
2025-08-19T11:03:45.344+09:00  INFO 5312 --- [spring_5webmvc] [restartedMain] o.i.s.Spring5webmvcApplication           : Starting Spring5webmvcApplication using Java 17.0.5 with PID 5312 (C:\class250615\spring_workspace\spring_5webmvc\target\classes started by C104 in C:\class250615\spring_workspace)
2025-08-19T11:03:45.353+09:00  INFO 5312 --- [spring_5webmvc] [restartedMain] o.i.s.Spring5webmvcApplication           : No active profile set, falling back to 1 default profile: "default"
2025-08-19T11:03:46.020+09:00  WARN 5312 --- [spring_5webmvc] [restartedMain] o.m.s.mapper.ClassPathMapperScanner      : No MyBatis mapper was found in '[org.iclass.spring_5webmvc]' package. Please check your configuration.
2025-08-19T11:03:46.078+09:00  INFO 5312 --- [spring_5webmvc] [restartedMain] o.s.b.w.embedded.tomcat.TomcatWebServer  : Tomcat initialized with port 8081 (http)
2025-08-19T11:03:46.084+09:00  INFO 5312 --- [spring_5webmvc] [restartedMain] o.apache.catalina.core.StandardService   : Starting service [Tomcat]
2025-08-19T11:03:46.091+09:00  INFO 5312 --- [spring_5webmvc] [restartedMain] o.apache.catalina.core.StandardEngine    : Starting Servlet engine: [Apache Tomcat/10.1.43]
2025-08-19T11:03:46.125+09:00  INFO 5312 --- [spring_5webmvc] [restartedMain] o.a.c.c.C.[Tomcat].[localhost].[/]       : Initializing Spring embedded WebApplicationContext
2025-08-19T11:03:46.127+09:00  INFO 5312 --- [spring_5webmvc] [restartedMain] w.s.c.ServletWebServerApplicationContext : Root WebApplicationContext: initialization completed in 766 ms
2025-08-19T11:03:46.172+09:00  INFO 5312 --- [spring_5webmvc] [restartedMain] o.s.b.a.w.s.WelcomePageHandlerMapping    : Adding welcome page template: index
2025-08-19T11:03:46.301+09:00  INFO 5312 --- [spring_5webmvc] [restartedMain] o.s.b.d.a.OptionalLiveReloadServer       : LiveReload server is running on port 35729
2025-08-19T11:03:46.308+09:00  INFO 5312 --- [spring_5webmvc] [restartedMain] o.s.b.w.embedded.tomcat.TomcatWebServer  : Tomcat started on port 8081 (http) with context path '/'
2025-08-19T11:03:46.321+09:00  INFO 5312 --- [spring_5webmvc] [restartedMain] o.i.s.Spring5webmvcApplication           : Started Spring5webmvcApplication in 1.149 seconds (process running for 180.146)
2025-08-19T11:03:46.326+09:00  INFO 5312 --- [spring_5webmvc] [restartedMain] .ConditionEvaluationDeltaLoggingListener : Condition evaluation unchanged
2025-08-19T11:03:47.747+09:00  INFO 5312 --- [spring_5webmvc] [File Watcher] rtingClassPathChangeChangedEventListener : Restarting due to 1 class path change (0 additions, 0 deletions, 1 modification)
2025-08-19T11:03:47.751+09:00  INFO 5312 --- [spring_5webmvc] [Thread-19] o.s.b.w.e.tomcat.GracefulShutdown        : Commencing graceful shutdown. Waiting for active requests to complete
2025-08-19T11:03:47.838+09:00  INFO 5312 --- [spring_5webmvc] [tomcat-shutdown] o.s.b.w.e.tomcat.GracefulShutdown        : Graceful shutdown complete
2025-08-19T11:03:47.927+09:00  INFO 5312 --- [spring_5webmvc] [restartedMain] o.i.s.Spring5webmvcApplication           : Starting Spring5webmvcApplication using Java 17.0.5 with PID 5312 (C:\class250615\spring_workspace\spring_5webmvc\target\classes started by C104 in C:\class250615\spring_workspace)
2025-08-19T11:03:47.938+09:00  INFO 5312 --- [spring_5webmvc] [restartedMain] o.i.s.Spring5webmvcApplication           : No active profile set, falling back to 1 default profile: "default"
2025-08-19T11:03:48.168+09:00  WARN 5312 --- [spring_5webmvc] [restartedMain] o.m.s.mapper.ClassPathMapperScanner      : No MyBatis mapper was found in '[org.iclass.spring_5webmvc]' package. Please check your configuration.
2025-08-19T11:03:48.209+09:00  INFO 5312 --- [spring_5webmvc] [restartedMain] o.s.b.w.embedded.tomcat.TomcatWebServer  : Tomcat initialized with port 8081 (http)
2025-08-19T11:03:48.210+09:00  INFO 5312 --- [spring_5webmvc] [restartedMain] o.apache.catalina.core.StandardService   : Starting service [Tomcat]
2025-08-19T11:03:48.211+09:00  INFO 5312 --- [spring_5webmvc] [restartedMain] o.apache.catalina.core.StandardEngine    : Starting Servlet engine: [Apache Tomcat/10.1.43]
2025-08-19T11:03:48.228+09:00  INFO 5312 --- [spring_5webmvc] [restartedMain] o.a.c.c.C.[Tomcat].[localhost].[/]       : Initializing Spring embedded WebApplicationContext
2025-08-19T11:03:48.229+09:00  INFO 5312 --- [spring_5webmvc] [restartedMain] w.s.c.ServletWebServerApplicationContext : Root WebApplicationContext: initialization completed in 283 ms
2025-08-19T11:03:48.268+09:00  INFO 5312 --- [spring_5webmvc] [restartedMain] o.s.b.a.w.s.WelcomePageHandlerMapping    : Adding welcome page template: index
2025-08-19T11:03:48.372+09:00  INFO 5312 --- [spring_5webmvc] [restartedMain] o.s.b.d.a.OptionalLiveReloadServer       : LiveReload server is running on port 35729
2025-08-19T11:03:48.378+09:00  INFO 5312 --- [spring_5webmvc] [restartedMain] o.s.b.w.embedded.tomcat.TomcatWebServer  : Tomcat started on port 8081 (http) with context path '/'
2025-08-19T11:03:48.382+09:00  INFO 5312 --- [spring_5webmvc] [restartedMain] o.i.s.Spring5webmvcApplication           : Started Spring5webmvcApplication in 0.496 seconds (process running for 182.208)
2025-08-19T11:03:48.385+09:00  INFO 5312 --- [spring_5webmvc] [restartedMain] .ConditionEvaluationDeltaLoggingListener : Condition evaluation unchanged
2025-08-19T11:04:04.077+09:00  INFO 5312 --- [spring_5webmvc] [http-nio-8081-exec-1] o.a.c.c.C.[Tomcat].[localhost].[/]       : Initializing Spring DispatcherServlet 'dispatcherServlet'
2025-08-19T11:04:04.078+09:00  INFO 5312 --- [spring_5webmvc] [http-nio-8081-exec-1] o.s.web.servlet.DispatcherServlet        : Initializing Servlet 'dispatcherServlet'
2025-08-19T11:04:04.079+09:00  INFO 5312 --- [spring_5webmvc] [http-nio-8081-exec-1] o.s.web.servlet.DispatcherServlet        : Completed initialization in 0 ms
2025-08-19T11:04:11.263+09:00  INFO 5312 --- [spring_5webmvc] [http-nio-8081-exec-3] o.i.s.c.TestController_2Parameter        : null
2025-08-19T11:04:11.263+09:00  INFO 5312 --- [spring_5webmvc] [http-nio-8081-exec-3] o.i.s.c.TestController_2Parameter        : {age}
2025-08-19T11:06:17.358+09:00  INFO 5312 --- [spring_5webmvc] [File Watcher] rtingClassPathChangeChangedEventListener : Restarting due to 1 class path change (0 additions, 0 deletions, 1 modification)
2025-08-19T11:06:17.360+09:00  INFO 5312 --- [spring_5webmvc] [Thread-23] o.s.b.w.e.tomcat.GracefulShutdown        : Commencing graceful shutdown. Waiting for active requests to complete
2025-08-19T11:06:17.415+09:00  INFO 5312 --- [spring_5webmvc] [tomcat-shutdown] o.s.b.w.e.tomcat.GracefulShutdown        : Graceful shutdown complete
2025-08-19T11:06:17.494+09:00  INFO 5312 --- [spring_5webmvc] [restartedMain] o.i.s.Spring5webmvcApplication           : Starting Spring5webmvcApplication using Java 17.0.5 with PID 5312 (C:\class250615\spring_workspace\spring_5webmvc\target\classes started by C104 in C:\class250615\spring_workspace)
2025-08-19T11:06:17.496+09:00  INFO 5312 --- [spring_5webmvc] [restartedMain] o.i.s.Spring5webmvcApplication           : No active profile set, falling back to 1 default profile: "default"
2025-08-19T11:06:17.714+09:00  WARN 5312 --- [spring_5webmvc] [restartedMain] o.m.s.mapper.ClassPathMapperScanner      : No MyBatis mapper was found in '[org.iclass.spring_5webmvc]' package. Please check your configuration.
2025-08-19T11:06:17.751+09:00  INFO 5312 --- [spring_5webmvc] [restartedMain] o.s.b.w.embedded.tomcat.TomcatWebServer  : Tomcat initialized with port 8081 (http)
2025-08-19T11:06:17.752+09:00  INFO 5312 --- [spring_5webmvc] [restartedMain] o.apache.catalina.core.StandardService   : Starting service [Tomcat]
2025-08-19T11:06:17.753+09:00  INFO 5312 --- [spring_5webmvc] [restartedMain] o.apache.catalina.core.StandardEngine    : Starting Servlet engine: [Apache Tomcat/10.1.43]
2025-08-19T11:06:17.770+09:00  INFO 5312 --- [spring_5webmvc] [restartedMain] o.a.c.c.C.[Tomcat].[localhost].[/]       : Initializing Spring embedded WebApplicationContext
2025-08-19T11:06:17.770+09:00  INFO 5312 --- [spring_5webmvc] [restartedMain] w.s.c.ServletWebServerApplicationContext : Root WebApplicationContext: initialization completed in 270 ms
2025-08-19T11:06:17.785+09:00  WARN 5312 --- [spring_5webmvc] [restartedMain] ConfigServletWebServerApplicationContext : Exception encountered during context initialization - cancelling refresh attempt: org.springframework.beans.factory.UnsatisfiedDependencyException: Error creating bean with name 'testController_4Attribute' defined in file [C:\class250615\spring_workspace\spring_5webmvc\target\classes\org\iclass\spring_5webmvc\controller\TestController_4Attribute.class]: Unsatisfied dependency expressed through constructor parameter 0: No qualifying bean of type 'org.iclass.spring_3mybatis.mapper.CustomerMapper' available: expected at least 1 bean which qualifies as autowire candidate. Dependency annotations: {}
2025-08-19T11:06:17.787+09:00  INFO 5312 --- [spring_5webmvc] [restartedMain] o.apache.catalina.core.StandardService   : Stopping service [Tomcat]
2025-08-19T11:06:17.792+09:00  INFO 5312 --- [spring_5webmvc] [restartedMain] .s.b.a.l.ConditionEvaluationReportLogger : 

Error starting ApplicationContext. To display the condition evaluation report re-run your application with 'debug' enabled.
2025-08-19T11:06:17.828+09:00 ERROR 5312 --- [spring_5webmvc] [restartedMain] o.s.b.d.LoggingFailureAnalysisReporter   : 

***************************
APPLICATION FAILED TO START
***************************

Description:

Parameter 0 of constructor in org.iclass.spring_5webmvc.controller.TestController_4Attribute required a bean of type 'org.iclass.spring_3mybatis.mapper.CustomerMapper' that could not be found.


Action:

Consider defining a bean of type 'org.iclass.spring_3mybatis.mapper.CustomerMapper' in your configuration.

2025-08-19T11:09:15.252+09:00  INFO 5312 --- [spring_5webmvc] [restartedMain] o.i.s.Spring5webmvcApplication           : Starting Spring5webmvcApplication using Java 17.0.5 with PID 5312 (C:\class250615\spring_workspace\spring_5webmvc\target\classes started by C104 in C:\class250615\spring_workspace)
2025-08-19T11:09:15.255+09:00  INFO 5312 --- [spring_5webmvc] [restartedMain] o.i.s.Spring5webmvcApplication           : No active profile set, falling back to 1 default profile: "default"
2025-08-19T11:09:15.536+09:00  WARN 5312 --- [spring_5webmvc] [restartedMain] o.m.s.mapper.ClassPathMapperScanner      : No MyBatis mapper was found in '[org.iclass.spring_5webmvc]' package. Please check your configuration.
2025-08-19T11:09:15.570+09:00  INFO 5312 --- [spring_5webmvc] [restartedMain] o.s.b.w.embedded.tomcat.TomcatWebServer  : Tomcat initialized with port 8081 (http)
2025-08-19T11:09:15.571+09:00  INFO 5312 --- [spring_5webmvc] [restartedMain] o.apache.catalina.core.StandardService   : Starting service [Tomcat]
2025-08-19T11:09:15.572+09:00  INFO 5312 --- [spring_5webmvc] [restartedMain] o.apache.catalina.core.StandardEngine    : Starting Servlet engine: [Apache Tomcat/10.1.43]
2025-08-19T11:09:15.590+09:00  INFO 5312 --- [spring_5webmvc] [restartedMain] o.a.c.c.C.[Tomcat-1].[localhost].[/]     : Initializing Spring embedded WebApplicationContext
2025-08-19T11:09:15.590+09:00  INFO 5312 --- [spring_5webmvc] [restartedMain] w.s.c.ServletWebServerApplicationContext : Root WebApplicationContext: initialization completed in 331 ms
2025-08-19T11:09:15.603+09:00  WARN 5312 --- [spring_5webmvc] [restartedMain] ConfigServletWebServerApplicationContext : Exception encountered during context initialization - cancelling refresh attempt: org.springframework.beans.factory.UnsatisfiedDependencyException: Error creating bean with name 'testController_4Attribute' defined in file [C:\class250615\spring_workspace\spring_5webmvc\target\classes\org\iclass\spring_5webmvc\controller\TestController_4Attribute.class]: Unsatisfied dependency expressed through constructor parameter 0: No qualifying bean of type 'org.iclass.spring_3mybatis.mapper.CustomerMapper' available: expected at least 1 bean which qualifies as autowire candidate. Dependency annotations: {}
2025-08-19T11:09:15.605+09:00  INFO 5312 --- [spring_5webmvc] [restartedMain] o.apache.catalina.core.StandardService   : Stopping service [Tomcat]
2025-08-19T11:09:15.611+09:00  INFO 5312 --- [spring_5webmvc] [restartedMain] .s.b.a.l.ConditionEvaluationReportLogger : 

Error starting ApplicationContext. To display the condition evaluation report re-run your application with 'debug' enabled.
2025-08-19T11:09:15.619+09:00 ERROR 5312 --- [spring_5webmvc] [restartedMain] o.s.b.d.LoggingFailureAnalysisReporter   : 

***************************
APPLICATION FAILED TO START
***************************

Description:

Parameter 0 of constructor in org.iclass.spring_5webmvc.controller.TestController_4Attribute required a bean of type 'org.iclass.spring_3mybatis.mapper.CustomerMapper' that could not be found.


Action:

Consider defining a bean of type 'org.iclass.spring_3mybatis.mapper.CustomerMapper' in your configuration.

2025-08-19T11:09:24.320+09:00  INFO 5312 --- [spring_5webmvc] [restartedMain] o.i.s.Spring5webmvcApplication           : Starting Spring5webmvcApplication using Java 17.0.5 with PID 5312 (C:\class250615\spring_workspace\spring_5webmvc\target\classes started by C104 in C:\class250615\spring_workspace)
2025-08-19T11:09:24.324+09:00  INFO 5312 --- [spring_5webmvc] [restartedMain] o.i.s.Spring5webmvcApplication           : No active profile set, falling back to 1 default profile: "default"
2025-08-19T11:09:24.550+09:00  WARN 5312 --- [spring_5webmvc] [restartedMain] o.m.s.mapper.ClassPathMapperScanner      : No MyBatis mapper was found in '[org.iclass.spring_5webmvc]' package. Please check your configuration.
2025-08-19T11:09:24.609+09:00  INFO 5312 --- [spring_5webmvc] [restartedMain] o.s.b.w.embedded.tomcat.TomcatWebServer  : Tomcat initialized with port 8081 (http)
2025-08-19T11:09:24.613+09:00  INFO 5312 --- [spring_5webmvc] [restartedMain] o.apache.catalina.core.StandardService   : Starting service [Tomcat]
2025-08-19T11:09:24.616+09:00  INFO 5312 --- [spring_5webmvc] [restartedMain] o.apache.catalina.core.StandardEngine    : Starting Servlet engine: [Apache Tomcat/10.1.43]
2025-08-19T11:09:24.656+09:00  INFO 5312 --- [spring_5webmvc] [restartedMain] o.a.c.c.C.[Tomcat-2].[localhost].[/]     : Initializing Spring embedded WebApplicationContext
2025-08-19T11:09:24.659+09:00  INFO 5312 --- [spring_5webmvc] [restartedMain] w.s.c.ServletWebServerApplicationContext : Root WebApplicationContext: initialization completed in 333 ms
2025-08-19T11:09:24.675+09:00  WARN 5312 --- [spring_5webmvc] [restartedMain] ConfigServletWebServerApplicationContext : Exception encountered during context initialization - cancelling refresh attempt: org.springframework.beans.factory.UnsatisfiedDependencyException: Error creating bean with name 'testController_4Attribute' defined in file [C:\class250615\spring_workspace\spring_5webmvc\target\classes\org\iclass\spring_5webmvc\controller\TestController_4Attribute.class]: Unsatisfied dependency expressed through constructor parameter 0: No qualifying bean of type 'org.iclass.spring_3mybatis.mapper.CustomerMapper' available: expected at least 1 bean which qualifies as autowire candidate. Dependency annotations: {}
2025-08-19T11:09:24.676+09:00  INFO 5312 --- [spring_5webmvc] [restartedMain] o.apache.catalina.core.StandardService   : Stopping service [Tomcat]
2025-08-19T11:09:24.687+09:00  INFO 5312 --- [spring_5webmvc] [restartedMain] .s.b.a.l.ConditionEvaluationReportLogger : 

Error starting ApplicationContext. To display the condition evaluation report re-run your application with 'debug' enabled.
2025-08-19T11:09:24.691+09:00 ERROR 5312 --- [spring_5webmvc] [restartedMain] o.s.b.d.LoggingFailureAnalysisReporter   : 

***************************
APPLICATION FAILED TO START
***************************

Description:

Parameter 0 of constructor in org.iclass.spring_5webmvc.controller.TestController_4Attribute required a bean of type 'org.iclass.spring_3mybatis.mapper.CustomerMapper' that could not be found.


Action:

Consider defining a bean of type 'org.iclass.spring_3mybatis.mapper.CustomerMapper' in your configuration.

2025-08-19T11:11:03.843+09:00  INFO 5312 --- [spring_5webmvc] [restartedMain] o.i.s.Spring5webmvcApplication           : Starting Spring5webmvcApplication using Java 17.0.5 with PID 5312 (C:\class250615\spring_workspace\spring_5webmvc\target\classes started by C104 in C:\class250615\spring_workspace)
2025-08-19T11:11:03.844+09:00  INFO 5312 --- [spring_5webmvc] [restartedMain] o.i.s.Spring5webmvcApplication           : No active profile set, falling back to 1 default profile: "default"
2025-08-19T11:11:04.041+09:00  WARN 5312 --- [spring_5webmvc] [restartedMain] o.m.s.mapper.ClassPathMapperScanner      : No MyBatis mapper was found in '[org.iclass.spring_5webmvc]' package. Please check your configuration.
2025-08-19T11:11:04.073+09:00  INFO 5312 --- [spring_5webmvc] [restartedMain] o.s.b.w.embedded.tomcat.TomcatWebServer  : Tomcat initialized with port 8081 (http)
2025-08-19T11:11:04.074+09:00  INFO 5312 --- [spring_5webmvc] [restartedMain] o.apache.catalina.core.StandardService   : Starting service [Tomcat]
2025-08-19T11:11:04.075+09:00  INFO 5312 --- [spring_5webmvc] [restartedMain] o.apache.catalina.core.StandardEngine    : Starting Servlet engine: [Apache Tomcat/10.1.43]
2025-08-19T11:11:04.094+09:00  INFO 5312 --- [spring_5webmvc] [restartedMain] o.a.c.c.C.[Tomcat-3].[localhost].[/]     : Initializing Spring embedded WebApplicationContext
2025-08-19T11:11:04.094+09:00  INFO 5312 --- [spring_5webmvc] [restartedMain] w.s.c.ServletWebServerApplicationContext : Root WebApplicationContext: initialization completed in 247 ms
2025-08-19T11:11:04.107+09:00  WARN 5312 --- [spring_5webmvc] [restartedMain] ConfigServletWebServerApplicationContext : Exception encountered during context initialization - cancelling refresh attempt: org.springframework.beans.factory.UnsatisfiedDependencyException: Error creating bean with name 'testController_4Attribute' defined in file [C:\class250615\spring_workspace\spring_5webmvc\target\classes\org\iclass\spring_5webmvc\controller\TestController_4Attribute.class]: Unsatisfied dependency expressed through constructor parameter 0: No qualifying bean of type 'org.iclass.spring_3mybatis.mapper.CustomerMapper' available: expected at least 1 bean which qualifies as autowire candidate. Dependency annotations: {}
2025-08-19T11:11:04.110+09:00  INFO 5312 --- [spring_5webmvc] [restartedMain] o.apache.catalina.core.StandardService   : Stopping service [Tomcat]
2025-08-19T11:11:04.114+09:00  INFO 5312 --- [spring_5webmvc] [restartedMain] .s.b.a.l.ConditionEvaluationReportLogger : 

Error starting ApplicationContext. To display the condition evaluation report re-run your application with 'debug' enabled.
2025-08-19T11:11:04.121+09:00 ERROR 5312 --- [spring_5webmvc] [restartedMain] o.s.b.d.LoggingFailureAnalysisReporter   : 

***************************
APPLICATION FAILED TO START
***************************

Description:

Parameter 0 of constructor in org.iclass.spring_5webmvc.controller.TestController_4Attribute required a bean of type 'org.iclass.spring_3mybatis.mapper.CustomerMapper' that could not be found.


Action:

Consider defining a bean of type 'org.iclass.spring_3mybatis.mapper.CustomerMapper' in your configuration.

2025-08-19T11:11:46.847+09:00  INFO 5312 --- [spring_5webmvc] [restartedMain] o.i.s.Spring5webmvcApplication           : Starting Spring5webmvcApplication using Java 17.0.5 with PID 5312 (C:\class250615\spring_workspace\spring_5webmvc\target\classes started by C104 in C:\class250615\spring_workspace)
2025-08-19T11:11:46.848+09:00  INFO 5312 --- [spring_5webmvc] [restartedMain] o.i.s.Spring5webmvcApplication           : No active profile set, falling back to 1 default profile: "default"
2025-08-19T11:11:47.010+09:00  WARN 5312 --- [spring_5webmvc] [restartedMain] o.m.s.mapper.ClassPathMapperScanner      : No MyBatis mapper was found in '[org.iclass.spring_5webmvc]' package. Please check your configuration.
2025-08-19T11:11:47.046+09:00  INFO 5312 --- [spring_5webmvc] [restartedMain] o.s.b.w.embedded.tomcat.TomcatWebServer  : Tomcat initialized with port 8081 (http)
2025-08-19T11:11:47.047+09:00  INFO 5312 --- [spring_5webmvc] [restartedMain] o.apache.catalina.core.StandardService   : Starting service [Tomcat]
2025-08-19T11:11:47.048+09:00  INFO 5312 --- [spring_5webmvc] [restartedMain] o.apache.catalina.core.StandardEngine    : Starting Servlet engine: [Apache Tomcat/10.1.43]
2025-08-19T11:11:47.064+09:00  INFO 5312 --- [spring_5webmvc] [restartedMain] o.a.c.c.C.[Tomcat-4].[localhost].[/]     : Initializing Spring embedded WebApplicationContext
2025-08-19T11:11:47.064+09:00  INFO 5312 --- [spring_5webmvc] [restartedMain] w.s.c.ServletWebServerApplicationContext : Root WebApplicationContext: initialization completed in 213 ms
2025-08-19T11:11:47.075+09:00  WARN 5312 --- [spring_5webmvc] [restartedMain] ConfigServletWebServerApplicationContext : Exception encountered during context initialization - cancelling refresh attempt: org.springframework.beans.factory.UnsatisfiedDependencyException: Error creating bean with name 'testController_4Attribute' defined in file [C:\class250615\spring_workspace\spring_5webmvc\target\classes\org\iclass\spring_5webmvc\controller\TestController_4Attribute.class]: Unsatisfied dependency expressed through constructor parameter 0: No qualifying bean of type 'org.iclass.spring_3mybatis.mapper.CustomerMapper' available: expected at least 1 bean which qualifies as autowire candidate. Dependency annotations: {}
2025-08-19T11:11:47.077+09:00  INFO 5312 --- [spring_5webmvc] [restartedMain] o.apache.catalina.core.StandardService   : Stopping service [Tomcat]
2025-08-19T11:11:47.081+09:00  INFO 5312 --- [spring_5webmvc] [restartedMain] .s.b.a.l.ConditionEvaluationReportLogger : 

Error starting ApplicationContext. To display the condition evaluation report re-run your application with 'debug' enabled.
2025-08-19T11:11:47.086+09:00 ERROR 5312 --- [spring_5webmvc] [restartedMain] o.s.b.d.LoggingFailureAnalysisReporter   : 

***************************
APPLICATION FAILED TO START
***************************

Description:

Parameter 0 of constructor in org.iclass.spring_5webmvc.controller.TestController_4Attribute required a bean of type 'org.iclass.spring_3mybatis.mapper.CustomerMapper' that could not be found.


Action:

Consider defining a bean of type 'org.iclass.spring_3mybatis.mapper.CustomerMapper' in your configuration.

2025-08-19T11:12:58.687+09:00  INFO 5312 --- [spring_5webmvc] [restartedMain] o.i.s.Spring5webmvcApplication           : Starting Spring5webmvcApplication using Java 17.0.5 with PID 5312 (C:\class250615\spring_workspace\spring_5webmvc\target\classes started by C104 in C:\class250615\spring_workspace)
2025-08-19T11:12:58.696+09:00  INFO 5312 --- [spring_5webmvc] [restartedMain] o.i.s.Spring5webmvcApplication           : No active profile set, falling back to 1 default profile: "default"
2025-08-19T11:12:58.882+09:00  WARN 5312 --- [spring_5webmvc] [restartedMain] o.m.s.mapper.ClassPathMapperScanner      : No MyBatis mapper was found in '[org.iclass.spring_5webmvc]' package. Please check your configuration.
2025-08-19T11:12:58.964+09:00  INFO 5312 --- [spring_5webmvc] [restartedMain] o.s.b.w.embedded.tomcat.TomcatWebServer  : Tomcat initialized with port 8081 (http)
2025-08-19T11:12:58.965+09:00  INFO 5312 --- [spring_5webmvc] [restartedMain] o.apache.catalina.core.StandardService   : Starting service [Tomcat]
2025-08-19T11:12:58.966+09:00  INFO 5312 --- [spring_5webmvc] [restartedMain] o.apache.catalina.core.StandardEngine    : Starting Servlet engine: [Apache Tomcat/10.1.43]
2025-08-19T11:12:58.981+09:00  INFO 5312 --- [spring_5webmvc] [restartedMain] o.a.c.c.C.[Tomcat-5].[localhost].[/]     : Initializing Spring embedded WebApplicationContext
2025-08-19T11:12:58.992+09:00  INFO 5312 --- [spring_5webmvc] [restartedMain] w.s.c.ServletWebServerApplicationContext : Root WebApplicationContext: initialization completed in 291 ms
2025-08-19T11:12:59.006+09:00  WARN 5312 --- [spring_5webmvc] [restartedMain] ConfigServletWebServerApplicationContext : Exception encountered during context initialization - cancelling refresh attempt: org.springframework.beans.factory.UnsatisfiedDependencyException: Error creating bean with name 'testController_4Attribute' defined in file [C:\class250615\spring_workspace\spring_5webmvc\target\classes\org\iclass\spring_5webmvc\controller\TestController_4Attribute.class]: Unsatisfied dependency expressed through constructor parameter 0: No qualifying bean of type 'org.iclass.spring_3mybatis.mapper.CustomerMapper' available: expected at least 1 bean which qualifies as autowire candidate. Dependency annotations: {}
2025-08-19T11:12:59.014+09:00  INFO 5312 --- [spring_5webmvc] [restartedMain] o.apache.catalina.core.StandardService   : Stopping service [Tomcat]
2025-08-19T11:12:59.019+09:00  INFO 5312 --- [spring_5webmvc] [restartedMain] .s.b.a.l.ConditionEvaluationReportLogger : 

Error starting ApplicationContext. To display the condition evaluation report re-run your application with 'debug' enabled.
2025-08-19T11:12:59.027+09:00 ERROR 5312 --- [spring_5webmvc] [restartedMain] o.s.b.d.LoggingFailureAnalysisReporter   : 

***************************
APPLICATION FAILED TO START
***************************

Description:

Parameter 0 of constructor in org.iclass.spring_5webmvc.controller.TestController_4Attribute required a bean of type 'org.iclass.spring_3mybatis.mapper.CustomerMapper' that could not be found.


Action:

Consider defining a bean of type 'org.iclass.spring_3mybatis.mapper.CustomerMapper' in your configuration.

2025-08-19T11:13:13.854+09:00  INFO 1136 --- [spring_5webmvc] [restartedMain] o.i.s.Spring5webmvcApplication           : Starting Spring5webmvcApplication using Java 17.0.5 with PID 1136 (C:\class250615\spring_workspace\spring_5webmvc\target\classes started by C104 in C:\class250615\spring_workspace)
2025-08-19T11:13:13.862+09:00  INFO 1136 --- [spring_5webmvc] [restartedMain] o.i.s.Spring5webmvcApplication           : No active profile set, falling back to 1 default profile: "default"
2025-08-19T11:13:13.946+09:00  INFO 1136 --- [spring_5webmvc] [restartedMain] o.s.b.devtools.restart.ChangeableUrls    : The Class-Path manifest attribute in C:\Users\C104\.m2\repository\com\oracle\database\jdbc\ojdbc11\23.7.0.25.01\ojdbc11-23.7.0.25.01.jar referenced one or more files that do not exist: file:/C:/Users/C104/.m2/repository/com/oracle/database/jdbc/ojdbc11/23.7.0.25.01/oraclepki.jar
2025-08-19T11:13:13.949+09:00  INFO 1136 --- [spring_5webmvc] [restartedMain] .e.DevToolsPropertyDefaultsPostProcessor : Devtools property defaults active! Set 'spring.devtools.add-properties' to 'false' to disable
2025-08-19T11:13:13.950+09:00  INFO 1136 --- [spring_5webmvc] [restartedMain] .e.DevToolsPropertyDefaultsPostProcessor : For additional web related logging consider setting the 'logging.level.web' property to 'DEBUG'
2025-08-19T11:13:14.951+09:00  WARN 1136 --- [spring_5webmvc] [restartedMain] o.m.s.mapper.ClassPathMapperScanner      : No MyBatis mapper was found in '[org.iclass.spring_5webmvc]' package. Please check your configuration.
2025-08-19T11:13:15.514+09:00  INFO 1136 --- [spring_5webmvc] [restartedMain] o.s.b.w.embedded.tomcat.TomcatWebServer  : Tomcat initialized with port 8081 (http)
2025-08-19T11:13:15.540+09:00  INFO 1136 --- [spring_5webmvc] [restartedMain] o.apache.catalina.core.StandardService   : Starting service [Tomcat]
2025-08-19T11:13:15.542+09:00  INFO 1136 --- [spring_5webmvc] [restartedMain] o.apache.catalina.core.StandardEngine    : Starting Servlet engine: [Apache Tomcat/10.1.43]
2025-08-19T11:13:15.606+09:00  INFO 1136 --- [spring_5webmvc] [restartedMain] o.a.c.c.C.[Tomcat].[localhost].[/]       : Initializing Spring embedded WebApplicationContext
2025-08-19T11:13:15.608+09:00  INFO 1136 --- [spring_5webmvc] [restartedMain] w.s.c.ServletWebServerApplicationContext : Root WebApplicationContext: initialization completed in 1655 ms
2025-08-19T11:13:15.728+09:00  WARN 1136 --- [spring_5webmvc] [restartedMain] ConfigServletWebServerApplicationContext : Exception encountered during context initialization - cancelling refresh attempt: org.springframework.beans.factory.UnsatisfiedDependencyException: Error creating bean with name 'testController_4Attribute' defined in file [C:\class250615\spring_workspace\spring_5webmvc\target\classes\org\iclass\spring_5webmvc\controller\TestController_4Attribute.class]: Unsatisfied dependency expressed through constructor parameter 0: No qualifying bean of type 'org.iclass.spring_3mybatis.mapper.CustomerMapper' available: expected at least 1 bean which qualifies as autowire candidate. Dependency annotations: {}
2025-08-19T11:13:15.739+09:00  INFO 1136 --- [spring_5webmvc] [restartedMain] o.apache.catalina.core.StandardService   : Stopping service [Tomcat]
2025-08-19T11:13:15.861+09:00  INFO 1136 --- [spring_5webmvc] [restartedMain] .s.b.a.l.ConditionEvaluationReportLogger : 

Error starting ApplicationContext. To display the condition evaluation report re-run your application with 'debug' enabled.
2025-08-19T11:13:15.893+09:00 ERROR 1136 --- [spring_5webmvc] [restartedMain] o.s.b.d.LoggingFailureAnalysisReporter   : 

***************************
APPLICATION FAILED TO START
***************************

Description:

Parameter 0 of constructor in org.iclass.spring_5webmvc.controller.TestController_4Attribute required a bean of type 'org.iclass.spring_3mybatis.mapper.CustomerMapper' that could not be found.


Action:

Consider defining a bean of type 'org.iclass.spring_3mybatis.mapper.CustomerMapper' in your configuration.

